This is pdfTeX, Version 3.141592653-2.6-1.40.24 (MiKTeX 22.8.28) (preloaded format=pdflatex 2022.9.20)  20 SEP 2022 15:34
entering extended mode
 \write18 enabled.
 %&-line parsing enabled.
**./HonorsMultivariableCalculus.tex
(HonorsMultivariableCalculus.tex
LaTeX2e <2022-06-01> patch level 5
L3 programming layer <2022-08-30> (wongtreebook.cls
Document Class: wongtreebook 2021/09/22 Willow Tree Book LaTeX class v1.02
(C:\Users\Richard\AppData\Local\Programs\MiKTeX\tex/latex/memoir\memoir.cls
Document Class: memoir 2022/07/29 v3.7r configurable book, report, article docu
ment class

(C:\Users\Richard\AppData\Local\Programs\MiKTeX\tex/latex/etoolbox\etoolbox.sty
Package: etoolbox 2020/10/05 v2.5k e-TeX tools for LaTeX (JAW)
\etb@tempcnta=\count185
)
\onelineskip=\skip47
\lxvchars=\skip48
\xlvchars=\skip49
\@memcnta=\count186
\c@@memmarkcntra=\count187
 (C:\Users\Richard\AppData\Local\Programs\MiKTeX\tex/generic/iftex\iftex.sty
Package: iftex 2022/02/03 v1.0f TeX engine tests
)
\stockheight=\skip50
\stockwidth=\skip51
\trimtop=\skip52
\trimedge=\skip53

(C:\Users\Richard\AppData\Local\Programs\MiKTeX\tex/latex/memoir\mem10.clo
File: mem10.clo 2022/07/29 v0.5 memoir class 10pt size option
)
\binding=\skip54
\spinemargin=\skip55
\foremargin=\skip56
\uppermargin=\skip57
\lowermargin=\skip58
\headdrop=\skip59
\normalrulethickness=\skip60
\mem@maxheadheight=\skip61
\mem@maxfootheight=\skip62
\headwidth=\skip63
\c@storedpagenumber=\count188
\memPD=\dimen138
\m@mabparskip=\skip64
\thanksmarkwidth=\skip65
\thanksmarksep=\skip66
\droptitle=\skip67
\c@book=\count189
\c@part=\count190
\c@chapter=\count191
\c@section=\count192
\c@subsection=\count193
\c@subsubsection=\count194
\c@paragraph=\count195
\c@subparagraph=\count196
\beforechapskip=\skip68
\midchapskip=\skip69
\afterchapskip=\skip70
\chapindent=\skip71
\bottomsectionskip=\skip72
\secindent=\skip73
\beforesecskip=\skip74
\aftersecskip=\skip75
\subsecindent=\skip76
\beforesubsecskip=\skip77
\aftersubsecskip=\skip78
\subsubsecindent=\skip79
\beforesubsubsecskip=\skip80
\aftersubsubsecskip=\skip81
\paraindent=\skip82
\beforeparaskip=\skip83
\afterparaskip=\skip84
\subparaindent=\skip85
\beforesubparaskip=\skip86
\aftersubparaskip=\skip87
\pfbreakskip=\skip88
\c@@ppsavesec=\count197
\c@@ppsaveapp=\count198
\ragrparindent=\dimen139
\everylistparindent=\dimen140
\parsepi=\skip89
\topsepi=\skip90
\itemsepi=\skip91
\parsepii=\skip92
\topsepii=\skip93
\topsepiii=\skip94
\itemsepii=\skip95
\itemsepiii=\skip96
\partopsepii=\skip97
\partopsepiii=\skip98
\m@msavetopsep=\skip99
\m@msavepartopsep=\skip100
\@enLab=\toks16
\abstitleskip=\skip101
\absleftindent=\skip102
\abs@leftindent=\dimen141
\absrightindent=\skip103
\absparindent=\skip104
\absparsep=\skip105
\c@vslineno=\count199
\c@poemline=\count266
\c@modulo@vs=\count267
\c@memfvsline=\count268
\vleftskip=\skip106
\vrightskip=\skip107
\stanzaskip=\skip108
\versewidth=\skip109
\vgap=\skip110
\vindent=\skip111
\vleftmargin=\dimen142
\c@verse=\count269
\c@chrsinstr=\count270
\beforepoemtitleskip=\skip112
\afterpoemtitleskip=\skip113
\c@poem=\count271
\beforePoemTitleskip=\skip114
\midPoemTitleskip=\skip115
\afterPoemTitleskip=\skip116

(C:\Users\Richard\AppData\Local\Programs\MiKTeX\tex/latex/tools\array.sty
Package: array 2021/10/04 v2.5f Tabular extension package (FMi)
\col@sep=\dimen143
\ar@mcellbox=\box51
\extrarowheight=\dimen144
\NC@list=\toks17
\extratabsurround=\skip117
\backup@length=\skip118
\ar@cellbox=\box52
)
(C:\Users\Richard\AppData\Local\Programs\MiKTeX\tex/latex/tools\dcolumn.sty
Package: dcolumn 2014/10/28 v1.06 decimal alignment package (DPC)
)
(C:\Users\Richard\AppData\Local\Programs\MiKTeX\tex/latex/tools\delarray.sty
Package: delarray 2014/10/28 v1.01 array delimiter package (DPC)
)
(C:\Users\Richard\AppData\Local\Programs\MiKTeX\tex/latex/tools\tabularx.sty
Package: tabularx 2020/01/15 v2.11c `tabularx' package (DPC)
\TX@col@width=\dimen145
\TX@old@table=\dimen146
\TX@old@col=\dimen147
\TX@target=\dimen148
\TX@delta=\dimen149
\TX@cols=\count272
\TX@ftn=\toks18
)
\heavyrulewidth=\dimen150
\lightrulewidth=\dimen151
\cmidrulewidth=\dimen152
\belowrulesep=\dimen153
\belowbottomsep=\dimen154
\aboverulesep=\dimen155
\abovetopsep=\dimen156
\cmidrulesep=\dimen157
\cmidrulekern=\dimen158
\defaultaddspace=\dimen159
\@cmidla=\count273
\@cmidlb=\count274
\@aboverulesep=\dimen160
\@belowrulesep=\dimen161
\@thisruleclass=\count275
\@lastruleclass=\count276
\@thisrulewidth=\dimen162
\ctableftskip=\skip119
\ctabrightskip=\skip120
\abovecolumnspenalty=\count277
\@linestogo=\count278
\@cellstogo=\count279
\@cellsincolumn=\count280
\crtok=\toks19
\@mincolumnwidth=\dimen163
\c@newflo@tctr=\count281
\mem@margin@floatbox=\box53
\@contcwidth=\skip121
\@contindw=\skip122
\abovecaptionskip=\skip123
\belowcaptionskip=\skip124
\subfloattopskip=\skip125
\subfloatcapskip=\skip126
\subfloatcaptopadj=\skip127
\subfloatbottomskip=\skip128
\subfloatlabelskip=\skip129
\subfloatcapmargin=\dimen164
\c@@contsubnum=\count282
\m@mscap@capbox=\box54
\m@mscap@fbox=\box55
\sidecapsep=\dimen165
\sidecapwidth=\dimen166
\m@m@tempdima=\dimen167
\m@mscapraise=\dimen168
\sidecapraise=\dimen169
\m@mscapmainwidth=\dimen170
\m@mscaplkern=\dimen171
\beforeepigraphskip=\skip130
\afterepigraphskip=\skip131
\epigraphwidth=\skip132
\epigraphrule=\skip133
LaTeX Info: Redefining \em on input line 7655.
LaTeX Info: Redefining \emph on input line 7663.
\tocentryskip=\skip134
\tocbaseline=\skip135
\cftparskip=\skip136
\cftbeforebookskip=\skip137
\cftbookindent=\dimen172
\cftbooknumwidth=\dimen173
\cftbeforepartskip=\skip138
\cftpartindent=\skip139
\cftpartnumwidth=\skip140
\cftbeforechapterskip=\skip141
\cftchapterindent=\skip142
\cftchapternumwidth=\skip143
\cftbeforesectionskip=\skip144
\cftsectionindent=\skip145
\cftsectionnumwidth=\skip146
\cftbeforesubsectionskip=\skip147
\cftsubsectionindent=\skip148
\cftsubsectionnumwidth=\skip149
\cftbeforesubsubsectionskip=\skip150
\cftsubsubsectionindent=\skip151
\cftsubsubsectionnumwidth=\skip152
\cftbeforeparagraphskip=\skip153
\cftparagraphindent=\skip154
\cftparagraphnumwidth=\skip155
\cftbeforesubparagraphskip=\skip156
\cftsubparagraphindent=\skip157
\cftsubparagraphnumwidth=\skip158
\prechapterprecisshift=\dimen174
\c@maxsecnumdepth=\count283
\bibindent=\dimen175
\bibitemsep=\skip159
\indexcolsep=\skip160
\indexrule=\skip161
\indexmarkstyle=\toks20
\@indexbox=\insert252
\glossarycolsep=\dimen176
\glossaryrule=\dimen177
\sideparvshift=\skip162
\sideins=\insert251
\sidebartopsep=\skip163
\sidebarhsep=\skip164
\sidebarvsep=\skip165
\sidebarwidth=\skip166
\footmarkwidth=\skip167
\footmarksep=\skip168
\footparindent=\skip169
\footinsdim=\skip170
\footinsv@r=\insert250
\@mpfootinsv@r=\insert249
\m@m@k=\count284
\m@m@h=\dimen178
\m@mipn@skip=\skip171
\sidefootins=\insert248
\sidefootadjust=\skip172
\sidefootheight=\skip173
\sidefoothsep=\skip174
\sidefootvsep=\skip175
\sidefootwidth=\skip176
\m@mdownsf=\skip177
\c@sidefootnote=\count285
\sidefootmarkwidth=\skip178
\sidefootmarksep=\skip179
\sidefootparindent=\skip180
\c@pagenote=\count286
\c@pagenoteshadow=\count287
\mem@pn@lastkern=\skip181
\every@verbatim=\toks21
\afterevery@verbatim=\toks22
\verbatim@line=\toks23
\tab@position=\count288
\verbatim@in@stream=\read2
\verbatimindent=\skip182
\verbatim@out=\write3
\bvboxsep=\skip183
\c@memfbvline=\count289
\c@bvlinectr=\count290
\bvnumlength=\skip184
\fb@frw=\dimen179
\fb@frh=\dimen180
\FrameRule=\dimen181
\FrameSep=\dimen182
\c@cp@cntr=\count291
\c@ism@mctr=\count292
\c@xsm@mctr=\count293
\c@csm@mctr=\count294
\c@ksm@mctr=\count295
\c@xksm@mctr=\count296
\c@cksm@mctr=\count297
\c@msm@mctr=\count298
\c@xmsm@mctr=\count299
\c@cmsm@mctr=\count300
\c@bsm@mctr=\count301
\c@workm@mctr=\count302
\c@sheetsequence=\count303
\c@lastsheet=\count304
\c@lastpage=\count305

(C:\Users\Richard\AppData\Local\Programs\MiKTeX\tex/latex/textcase\textcase.sty
Package: textcase 2022/07/10 v1.03 Text only upper/lower case changing (DPC)
Package textcase Info: Defining Legacy names on input line 20.
)
\c@figure=\count306
\c@lofdepth=\count307
\cftbeforefigureskip=\skip185
\cftfigureindent=\skip186
\cftfigurenumwidth=\skip187
\c@table=\count308
\c@lotdepth=\count309
\cftbeforetableskip=\skip188
\cfttableindent=\skip189
\cfttablenumwidth=\skip190
Package abstract [2008/07/23] emulated by memoir.
Package appendix [2008/07/23] emulated by memoir.
Package booktabs [2016/05/16] emulated by memoir.
Package ccaption [2008/07/23] emulated by memoir.
Package changepage [2008/07/23] emulated by memoir.
Package chngcntr [2008/07/23] emulated by memoir.
Package chngpage [2008/07/23] emulated by memoir.
Package crop emulated by memoir.
Package enumerate [2008/07/23] emulated by memoir.
Package epigraph [2008/07/23] emulated by memoir.
Package ifmtarg [2008/07/23] emulated by memoir.
Package index [2008/07/23] emulated by memoir.
Package makeidx [2008/07/23] emulated by memoir.
Package moreverb [2008/07/23] emulated by memoir.
Package needspace [2008/07/23] emulated by memoir.
Package newfile [2008/07/23] emulated by memoir.
Package nextpage [2008/07/23] emulated by memoir.
Package pagenote [2008/07/23] emulated by memoir.
Package parskip [2008/07/23] emulated by memoir.
Package patchcmd [2008/07/23] emulated by memoir.
Package setspace [2008/07/23] emulated by memoir.
Package shortvrb [2008/07/23] emulated by memoir.
Package showidx [2008/07/23] emulated by memoir.
Package titleref [2008/07/23] emulated by memoir.
Package titling [2008/07/23] emulated by memoir.
Package tocbibind [2008/07/23] emulated by memoir.
Package tocloft [2008/07/23] emulated by memoir.
Package tocvsec2 [2008/07/23] emulated by memoir.
Package verbatim [2008/07/23] emulated by memoir.
Package verse [2008/07/23] emulated by memoir.
)

******************************************************
Stock height and width: 794.96999pt by 614.295pt
Top and edge trims: 0pt and 0pt
Page height and width: 794.96999pt by 614.295pt
Text height and width: 634pt by 443pt
Spine and edge margins: 85.35826pt and 85.35826pt
Upper and lower margins: 71.13188pt and 89.8381pt
Headheight and headsep: 12pt and 18.06749pt
Footskip: 25.29494pt
Columnsep and columnseprule: 10pt and 0pt
Marginparsep and marginparwidth: 7pt and 71.35826pt
Sidecapsep and sidecapwidth: 7pt and 71pt
Sidebarhsep and sidebarwidth: 7pt and 71pt
Sidebarvsep and sidebartopsep: 12pt and 0pt
Sidebarheight: 548.39996pt
Sidefoothsep and sidefootwidth: 7pt and 71pt
Sidefootvsep and sidefootheight: 12pt and 548.39996pt
******************************************************


(C:\Users\Richard\AppData\Local\Programs\MiKTeX\tex/latex/l3packages/xparse\xpa
rse.sty
(C:\Users\Richard\AppData\Local\Programs\MiKTeX\tex/latex/l3kernel\expl3.sty
Package: expl3 2022-08-30 L3 programming layer (loader) 

(C:\Users\Richard\AppData\Local\Programs\MiKTeX\tex/latex/l3backend\l3backend-p
dftex.def
File: l3backend-pdftex.def 2022-08-30 L3 backend support: PDF output (pdfTeX)
\l__color_backend_stack_int=\count310
\l__pdf_internal_box=\box56
))
Package: xparse 2022-06-22 L3 Experimental document command parser
)
(C:\Users\Richard\AppData\Local\Programs\MiKTeX\tex/latex/etex-pkg\etex.sty
Package: etex 2016/08/01 v2.7 eTeX basic definition package (PEB,DPC)


Package etex Warning: Extended allocation already in use.
(etex)                etex.sty code will not be used.
(etex)                To force etex package to load, add
(etex)                \RequirePackage{etex}
(etex)                at the start of the document.

)
(C:\Users\Richard\AppData\Local\Programs\MiKTeX\tex/latex/newunicodechar\newuni
codechar.sty
Package: newunicodechar 2018/04/08 v1.2 Defining Unicode characters
)
(C:\Users\Richard\AppData\Local\Programs\MiKTeX\tex/latex/base\inputenc.sty
Package: inputenc 2021/02/14 v1.3d Input encoding file
\inpenc@prehook=\toks24
\inpenc@posthook=\toks25
)
(C:\Users\Richard\AppData\Local\Programs\MiKTeX\tex/latex/base\fontenc.sty
Package: fontenc 2021/04/29 v2.0v Standard LaTeX package
)
(C:\Users\Richard\AppData\Local\Programs\MiKTeX\tex/latex/lm\lmodern.sty
Package: lmodern 2015/05/01 v1.6.1 Latin Modern Fonts
LaTeX Font Info:    Overwriting symbol font `operators' in version `normal'
(Font)                  OT1/cmr/m/n --> OT1/lmr/m/n on input line 22.
LaTeX Font Info:    Overwriting symbol font `letters' in version `normal'
(Font)                  OML/cmm/m/it --> OML/lmm/m/it on input line 23.
LaTeX Font Info:    Overwriting symbol font `symbols' in version `normal'
(Font)                  OMS/cmsy/m/n --> OMS/lmsy/m/n on input line 24.
LaTeX Font Info:    Overwriting symbol font `largesymbols' in version `normal'
(Font)                  OMX/cmex/m/n --> OMX/lmex/m/n on input line 25.
LaTeX Font Info:    Overwriting symbol font `operators' in version `bold'
(Font)                  OT1/cmr/bx/n --> OT1/lmr/bx/n on input line 26.
LaTeX Font Info:    Overwriting symbol font `letters' in version `bold'
(Font)                  OML/cmm/b/it --> OML/lmm/b/it on input line 27.
LaTeX Font Info:    Overwriting symbol font `symbols' in version `bold'
(Font)                  OMS/cmsy/b/n --> OMS/lmsy/b/n on input line 28.
LaTeX Font Info:    Overwriting symbol font `largesymbols' in version `bold'
(Font)                  OMX/cmex/m/n --> OMX/lmex/m/n on input line 29.
LaTeX Font Info:    Overwriting math alphabet `\mathbf' in version `normal'
(Font)                  OT1/cmr/bx/n --> OT1/lmr/bx/n on input line 31.
LaTeX Font Info:    Overwriting math alphabet `\mathsf' in version `normal'
(Font)                  OT1/cmss/m/n --> OT1/lmss/m/n on input line 32.
LaTeX Font Info:    Overwriting math alphabet `\mathit' in version `normal'
(Font)                  OT1/cmr/m/it --> OT1/lmr/m/it on input line 33.
LaTeX Font Info:    Overwriting math alphabet `\mathtt' in version `normal'
(Font)                  OT1/cmtt/m/n --> OT1/lmtt/m/n on input line 34.
LaTeX Font Info:    Overwriting math alphabet `\mathbf' in version `bold'
(Font)                  OT1/cmr/bx/n --> OT1/lmr/bx/n on input line 35.
LaTeX Font Info:    Overwriting math alphabet `\mathsf' in version `bold'
(Font)                  OT1/cmss/bx/n --> OT1/lmss/bx/n on input line 36.
LaTeX Font Info:    Overwriting math alphabet `\mathit' in version `bold'
(Font)                  OT1/cmr/bx/it --> OT1/lmr/bx/it on input line 37.
LaTeX Font Info:    Overwriting math alphabet `\mathtt' in version `bold'
(Font)                  OT1/cmtt/m/n --> OT1/lmtt/m/n on input line 38.
)
(C:\Users\Richard\AppData\Local\Programs\MiKTeX\tex/latex/isomath\isomath.sty
Package: isomath 2012/09/04 v0.6.1 ISO math style

(C:\Users\Richard\AppData\Local\Programs\MiKTeX\tex/latex/was\fixmath.sty
Package: fixmath 2000/04/11 v0.9 (WaS)
LaTeX Font Info:    Redeclaring math symbol \Gamma on input line 27.
LaTeX Font Info:    Redeclaring math symbol \Delta on input line 28.
LaTeX Font Info:    Redeclaring math symbol \Theta on input line 29.
LaTeX Font Info:    Redeclaring math symbol \Lambda on input line 30.
LaTeX Font Info:    Redeclaring math symbol \Xi on input line 31.
LaTeX Font Info:    Redeclaring math symbol \Pi on input line 32.
LaTeX Font Info:    Redeclaring math symbol \Sigma on input line 33.
LaTeX Font Info:    Redeclaring math symbol \Upsilon on input line 34.
LaTeX Font Info:    Redeclaring math symbol \Phi on input line 35.
LaTeX Font Info:    Redeclaring math symbol \Psi on input line 36.
LaTeX Font Info:    Redeclaring math symbol \Omega on input line 37.
LaTeX Font Info:    Redeclaring math symbol \alpha on input line 38.
LaTeX Font Info:    Redeclaring math symbol \beta on input line 39.
LaTeX Font Info:    Redeclaring math symbol \gamma on input line 40.
LaTeX Font Info:    Redeclaring math symbol \delta on input line 41.
LaTeX Font Info:    Redeclaring math symbol \epsilon on input line 42.
LaTeX Font Info:    Redeclaring math symbol \zeta on input line 43.
LaTeX Font Info:    Redeclaring math symbol \eta on input line 44.
LaTeX Font Info:    Redeclaring math symbol \theta on input line 45.
LaTeX Font Info:    Redeclaring math symbol \iota on input line 46.
LaTeX Font Info:    Redeclaring math symbol \kappa on input line 47.
LaTeX Font Info:    Redeclaring math symbol \lambda on input line 48.
LaTeX Font Info:    Redeclaring math symbol \mu on input line 49.
LaTeX Font Info:    Redeclaring math symbol \nu on input line 50.
LaTeX Font Info:    Redeclaring math symbol \xi on input line 51.
LaTeX Font Info:    Redeclaring math symbol \pi on input line 52.
LaTeX Font Info:    Redeclaring math symbol \rho on input line 53.
LaTeX Font Info:    Redeclaring math symbol \sigma on input line 54.
LaTeX Font Info:    Redeclaring math symbol \tau on input line 55.
LaTeX Font Info:    Redeclaring math symbol \upsilon on input line 56.
LaTeX Font Info:    Redeclaring math symbol \phi on input line 57.
LaTeX Font Info:    Redeclaring math symbol \chi on input line 58.
LaTeX Font Info:    Redeclaring math symbol \psi on input line 59.
LaTeX Font Info:    Redeclaring math symbol \omega on input line 60.
LaTeX Font Info:    Redeclaring math symbol \varepsilon on input line 61.
LaTeX Font Info:    Redeclaring math symbol \vartheta on input line 62.
LaTeX Font Info:    Redeclaring math symbol \varpi on input line 63.
LaTeX Font Info:    Redeclaring math symbol \varphi on input line 64.
LaTeX Font Info:    Redeclaring math symbol \varrho on input line 65.
LaTeX Font Info:    Redeclaring math symbol \varsigma on input line 66.
)
(C:\Users\Richard\AppData\Local\Programs\MiKTeX\tex/latex/kvoptions\kvoptions.s
ty
Package: kvoptions 2022-06-15 v3.15 Key value format for package options (HO)

(C:\Users\Richard\AppData\Local\Programs\MiKTeX\tex/latex/graphics\keyval.sty
Package: keyval 2022/05/29 v1.15 key=value parser (DPC)
\KV@toks@=\toks26
)
(C:\Users\Richard\AppData\Local\Programs\MiKTeX\tex/generic/ltxcmds\ltxcmds.sty
Package: ltxcmds 2020-05-10 v1.25 LaTeX kernel commands for general use (HO)
)
(C:\Users\Richard\AppData\Local\Programs\MiKTeX\tex/generic/kvsetkeys\kvsetkeys
.sty
Package: kvsetkeys 2019/12/15 v1.18 Key value parser (HO)
)))
(C:\Users\Richard\AppData\Local\Programs\MiKTeX\tex/latex/cfr-lm\cfr-lm.sty
Package: cfr-lm 2015/02/01 v1.5 cfr-lm for use with LatinModern v2.004

(C:\Users\Richard\AppData\Local\Programs\MiKTeX\tex/latex/xkeyval\xkeyval.sty
Package: xkeyval 2022/06/16 v2.9 package option processing (HA)

(C:\Users\Richard\AppData\Local\Programs\MiKTeX\tex/generic/xkeyval\xkeyval.tex

(C:\Users\Richard\AppData\Local\Programs\MiKTeX\tex/generic/xkeyval\xkvutils.te
x
\XKV@toks=\toks27
\XKV@tempa@toks=\toks28
)
\XKV@depth=\count311
File: xkeyval.tex 2014/12/03 v2.7a key=value parser (HA)
)) (C:\Users\Richard\AppData\Local\Programs\MiKTeX\tex/latex/base\fontenc.sty
Package: fontenc 2021/04/29 v2.0v Standard LaTeX package
LaTeX Font Info:    Trying to load font information for T1+lmr on input line 11
2.
(C:\Users\Richard\AppData\Local\Programs\MiKTeX\tex/latex/lm\t1lmr.fd
File: t1lmr.fd 2015/05/01 v1.6.1 Font defs for Latin Modern
))
(C:\Users\Richard\AppData\Local\Programs\MiKTeX\tex/latex/base\textcomp.sty
Package: textcomp 2020/02/02 v2.0n Standard LaTeX package
)
(C:\Users\Richard\AppData\Local\Programs\MiKTeX\tex/latex/nfssext-cfr\nfssext-c
fr.sty
(C:\Users\Richard\AppData\Local\Programs\MiKTeX\tex/latex/svn-prov\svn-prov.sty
Package: svn-prov 2010/04/24 v3.1862 Package Date/Version from SVN Keywords
)
Package: nfssext-cfr 2017/03/28 (SVN Rev: 6140){} specially mangled by cfr; bas
ed on 2003/03/14 v1.2 Experimental NFSS Extensions
 (C:\Users\Richard\AppData\Local\Programs\MiKTeX\tex/latex/base\ifthen.sty
Package: ifthen 2022/04/13 v1.1d Standard LaTeX ifthen package (DPC)
)
\c@taken=\count312
LaTeX Info: Redefining \itshape on input line 515.
LaTeX Info: Redefining \scshape on input line 523.
LaTeX Info: Redefining \upshape on input line 537.
LaTeX Info: Redefining \swshape on input line 544.
LaTeX Info: Redefining \textsw on input line 553.
)
LaTeX Font Info:    Overwriting symbol font `operators' in version `normal'
(Font)                  OT1/lmr/m/n --> OT1/lmr/m/n on input line 180.
LaTeX Font Info:    Overwriting symbol font `letters' in version `normal'
(Font)                  OML/lmm/m/it --> OML/lmm/m/it on input line 181.
LaTeX Font Info:    Overwriting symbol font `symbols' in version `normal'
(Font)                  OMS/lmsy/m/n --> OMS/lmsy/m/n on input line 182.
LaTeX Font Info:    Overwriting symbol font `largesymbols' in version `normal'
(Font)                  OMX/lmex/m/n --> OMX/lmex/m/n on input line 183.
LaTeX Font Info:    Overwriting symbol font `operators' in version `bold'
(Font)                  OT1/lmr/bx/n --> OT1/lmr/bx/n on input line 184.
LaTeX Font Info:    Overwriting symbol font `letters' in version `bold'
(Font)                  OML/lmm/b/it --> OML/lmm/b/it on input line 185.
LaTeX Font Info:    Overwriting symbol font `symbols' in version `bold'
(Font)                  OMS/lmsy/b/n --> OMS/lmsy/b/n on input line 186.
LaTeX Font Info:    Overwriting symbol font `largesymbols' in version `bold'
(Font)                  OMX/lmex/m/n --> OMX/lmex/m/n on input line 187.
LaTeX Font Info:    Overwriting math alphabet `\mathbf' in version `normal'
(Font)                  OT1/lmr/bx/n --> OT1/lmr/bx/n on input line 194.
LaTeX Font Info:    Overwriting math alphabet `\mathsf' in version `normal'
(Font)                  OT1/lmss/m/n --> OT1/lmss/m/n on input line 195.
LaTeX Font Info:    Overwriting math alphabet `\mathit' in version `normal'
(Font)                  OT1/lmr/m/it --> OT1/lmr/m/it on input line 196.
LaTeX Font Info:    Overwriting math alphabet `\mathtt' in version `normal'
(Font)                  OT1/lmtt/m/n --> OT1/lmtt/m/n on input line 197.
LaTeX Font Info:    Overwriting math alphabet `\mathbf' in version `bold'
(Font)                  OT1/lmr/bx/n --> OT1/lmr/bx/n on input line 198.
LaTeX Font Info:    Overwriting math alphabet `\mathsf' in version `bold'
(Font)                  OT1/lmss/bx/n --> OT1/lmss/bx/n on input line 199.
LaTeX Font Info:    Overwriting math alphabet `\mathit' in version `bold'
(Font)                  OT1/lmr/bx/it --> OT1/lmr/bx/it on input line 200.
LaTeX Font Info:    Overwriting math alphabet `\mathtt' in version `bold'
(Font)                  OT1/lmtt/m/n --> OT1/lmtt/m/n on input line 201.
)
(C:\Users\Richard\AppData\Local\Programs\MiKTeX\tex/latex/amsfonts\eucal.sty
Package: eucal 2009/06/22 v3.00 Euler Script fonts
LaTeX Font Info:    Overwriting math alphabet `\EuScript' in version `bold'
(Font)                  U/eus/m/n --> U/eus/b/n on input line 33.
)
(C:\Users\Richard\AppData\Local\Programs\MiKTeX\tex/latex/microtype\microtype.s
ty
Package: microtype 2022/06/23 v3.0f Micro-typographical refinements (RS)
\MT@toks=\toks29
\MT@tempbox=\box57
\MT@count=\count313
LaTeX Info: Redefining \noprotrusionifhmode on input line 1045.
LaTeX Info: Redefining \leftprotrusion on input line 1046.
LaTeX Info: Redefining \rightprotrusion on input line 1056.
LaTeX Info: Redefining \textls on input line 1234.
\MT@outer@kern=\dimen183
LaTeX Info: Redefining \textmicrotypecontext on input line 1858.
\MT@listname@count=\count314

(C:\Users\Richard\AppData\Local\Programs\MiKTeX\tex/latex/microtype\microtype-p
dftex.def
File: microtype-pdftex.def 2022/06/23 v3.0f Definitions specific to pdftex (RS)

LaTeX Info: Redefining \lsstyle on input line 900.
LaTeX Info: Redefining \lslig on input line 900.
\MT@outer@space=\skip191
)
Package microtype Info: Loading configuration file microtype.cfg.

(C:\Users\Richard\AppData\Local\Programs\MiKTeX\tex/latex/microtype\microtype.c
fg
File: microtype.cfg 2022/06/23 v3.0f microtype main configuration file (RS)
))
(C:\Users\Richard\AppData\Local\Programs\MiKTeX\tex/latex/embrac\embrac.sty
(C:\Users\Richard\AppData\Local\Programs\MiKTeX\tex/latex/l3packages/l3keys2e\l
3keys2e.sty
Package: l3keys2e 2022-06-22 LaTeX2e option processing using LaTeX3 keys
)
Package: embrac 2021/02/20 v0.9a Upright Brackets in Emphasized Text
\l__embrac_penalty_int=\count315

Package embrac Info: Patching \emph...


Package embrac Info: Patching \textit...


Package embrac Info: Patching \textsl...

)
(C:\Users\Richard\AppData\Local\Programs\MiKTeX\tex/latex/amsmath\amsmath.sty
Package: amsmath 2022/04/08 v2.17n AMS math features
\@mathmargin=\skip192

For additional information on amsmath, use the `?' option.
(C:\Users\Richard\AppData\Local\Programs\MiKTeX\tex/latex/amsmath\amstext.sty
Package: amstext 2021/08/26 v2.01 AMS text

(C:\Users\Richard\AppData\Local\Programs\MiKTeX\tex/latex/amsmath\amsgen.sty
File: amsgen.sty 1999/11/30 v2.0 generic functions
\@emptytoks=\toks30
\ex@=\dimen184
))
(C:\Users\Richard\AppData\Local\Programs\MiKTeX\tex/latex/amsmath\amsbsy.sty
Package: amsbsy 1999/11/29 v1.2d Bold Symbols
\pmbraise@=\dimen185
)
(C:\Users\Richard\AppData\Local\Programs\MiKTeX\tex/latex/amsmath\amsopn.sty
Package: amsopn 2022/04/08 v2.04 operator names
)
\inf@bad=\count316
LaTeX Info: Redefining \frac on input line 234.
\uproot@=\count317
\leftroot@=\count318
LaTeX Info: Redefining \overline on input line 399.
LaTeX Info: Redefining \colon on input line 410.
\classnum@=\count319
\DOTSCASE@=\count320
LaTeX Info: Redefining \ldots on input line 496.
LaTeX Info: Redefining \dots on input line 499.
LaTeX Info: Redefining \cdots on input line 620.
\Mathstrutbox@=\box58
\strutbox@=\box59
LaTeX Info: Redefining \big on input line 722.
LaTeX Info: Redefining \Big on input line 723.
LaTeX Info: Redefining \bigg on input line 724.
LaTeX Info: Redefining \Bigg on input line 725.
\big@size=\dimen186
LaTeX Font Info:    Redeclaring font encoding OML on input line 743.
LaTeX Font Info:    Redeclaring font encoding OMS on input line 744.
\macc@depth=\count321
LaTeX Info: Redefining \bmod on input line 905.
LaTeX Info: Redefining \pmod on input line 910.
LaTeX Info: Redefining \smash on input line 940.
LaTeX Info: Redefining \relbar on input line 970.
LaTeX Info: Redefining \Relbar on input line 971.
\c@MaxMatrixCols=\count322
\dotsspace@=\muskip16
\c@parentequation=\count323
\dspbrk@lvl=\count324
\tag@help=\toks31
\row@=\count325
\column@=\count326
\maxfields@=\count327
\andhelp@=\toks32
\eqnshift@=\dimen187
\alignsep@=\dimen188
\tagshift@=\dimen189
\tagwidth@=\dimen190
\totwidth@=\dimen191
\lineht@=\dimen192
\@envbody=\toks33
\multlinegap=\skip193
\multlinetaggap=\skip194
\mathdisplay@stack=\toks34
LaTeX Info: Redefining \[ on input line 2953.
LaTeX Info: Redefining \] on input line 2954.
)
(C:\Users\Richard\AppData\Local\Programs\MiKTeX\tex/latex/amscls\amsthm.sty
Package: amsthm 2020/05/29 v2.20.6
\thm@style=\toks35
\thm@bodyfont=\toks36
\thm@headfont=\toks37
\thm@notefont=\toks38
\thm@headpunct=\toks39
\thm@preskip=\skip195
\thm@postskip=\skip196
\thm@headsep=\skip197
\dth@everypar=\toks40
)
(C:\Users\Richard\AppData\Local\Programs\MiKTeX\tex/latex/amsfonts\amssymb.sty
Package: amssymb 2013/01/14 v3.01 AMS font symbols

(C:\Users\Richard\AppData\Local\Programs\MiKTeX\tex/latex/amsfonts\amsfonts.sty
Package: amsfonts 2013/01/14 v3.01 Basic AMSFonts support
\symAMSa=\mathgroup4
\symAMSb=\mathgroup5
LaTeX Font Info:    Redeclaring math symbol \hbar on input line 98.
LaTeX Font Info:    Overwriting math alphabet `\mathfrak' in version `bold'
(Font)                  U/euf/m/n --> U/euf/b/n on input line 106.
)) (C:\Users\Richard\AppData\Local\Programs\MiKTeX\tex/latex/braket\braket.sty)

(C:\Users\Richard\AppData\Local\Programs\MiKTeX\tex/latex/mathtools\mathtools.s
ty
Package: mathtools 2022/06/29 v1.29 mathematical typesetting tools
 (C:\Users\Richard\AppData\Local\Programs\MiKTeX\tex/latex/tools\calc.sty
Package: calc 2017/05/25 v4.3 Infix arithmetic (KKT,FJ)
\calc@Acount=\count328
\calc@Bcount=\count329
\calc@Adimen=\dimen193
\calc@Bdimen=\dimen194
\calc@Askip=\skip198
\calc@Bskip=\skip199
LaTeX Info: Redefining \setlength on input line 80.
LaTeX Info: Redefining \addtolength on input line 81.
\calc@Ccount=\count330
\calc@Cskip=\skip256
)
(C:\Users\Richard\AppData\Local\Programs\MiKTeX\tex/latex/mathtools\mhsetup.sty
Package: mhsetup 2021/03/18 v1.4 programming setup (MH)
)
\g_MT_multlinerow_int=\count331
\l_MT_multwidth_dim=\dimen195
\origjot=\skip257
\l_MT_shortvdotswithinadjustabove_dim=\dimen196
\l_MT_shortvdotswithinadjustbelow_dim=\dimen197
\l_MT_above_intertext_sep=\dimen198
\l_MT_below_intertext_sep=\dimen199
\l_MT_above_shortintertext_sep=\dimen256
\l_MT_below_shortintertext_sep=\dimen257
\xmathstrut@box=\box60
\xmathstrut@dim=\dimen258
)
LaTeX Info: Redefining \( on input line 64.
 (C:\Users\Richard\AppData\Local\Programs\MiKTeX\tex/latex/tools\varioref.sty
Package: varioref 2021/07/07 v1.6f package for extended references (FMi)
\c@vrcnt=\count332
) (C:\Users\Richard\AppData\Local\Programs\MiKTeX\tex/latex/tools\longtable.sty
Package: longtable 2021-09-01 v4.17 Multi-page Table package (DPC)
\LTleft=\skip258
\LTright=\skip259
\LTpre=\skip260
\LTpost=\skip261
\LTchunksize=\count333
\LTcapwidth=\dimen259
\LT@head=\box61
\LT@firsthead=\box62
\LT@foot=\box63
\LT@lastfoot=\box64
\LT@gbox=\box65
\LT@cols=\count334
\LT@rows=\count335
\c@LT@tables=\count336
\c@LT@chunks=\count337
\LT@p@ftn=\toks41
) (C:\Users\Richard\AppData\Local\Programs\MiKTeX\tex/latex/tools\multicol.sty
Package: multicol 2021/10/28 v1.9b multicolumn formatting (FMi)
\c@tracingmulticols=\count338
\mult@box=\box66
\multicol@leftmargin=\dimen260
\c@unbalance=\count339
\c@collectmore=\count340
\doublecol@number=\count341
\multicoltolerance=\count342
\multicolpretolerance=\count343
\full@width=\dimen261
\page@free=\dimen262
\premulticols=\dimen263
\postmulticols=\dimen264
\multicolsep=\skip262
\multicolbaselineskip=\skip263
\partial@page=\box67
\last@line=\box68
\maxbalancingoverflow=\dimen265
\mult@rightbox=\box69
\mult@grightbox=\box70
\mult@firstbox=\box71
\mult@gfirstbox=\box72
\@tempa=\box73
\@tempa=\box74
\@tempa=\box75
\@tempa=\box76
\@tempa=\box77
\@tempa=\box78
\@tempa=\box79
\@tempa=\box80
\@tempa=\box81
\@tempa=\box82
\@tempa=\box83
\@tempa=\box84
\@tempa=\box85
\@tempa=\box86
\@tempa=\box87
\@tempa=\box88
\@tempa=\box89
\@tempa=\box90
\@tempa=\box91
\@tempa=\box92
\@tempa=\box93
\@tempa=\box94
\@tempa=\box95
\@tempa=\box96
\@tempa=\box97
\@tempa=\box98
\@tempa=\box99
\@tempa=\box100
\@tempa=\box101
\@tempa=\box102
\@tempa=\box103
\@tempa=\box104
\@tempa=\box105
\@tempa=\box106
\@tempa=\box107
\@tempa=\box108
\c@minrows=\count344
\c@columnbadness=\count345
\c@finalcolumnbadness=\count346
\last@try=\dimen266
\multicolovershoot=\dimen267
\multicolundershoot=\dimen268
\mult@nat@firstbox=\box109
\colbreak@box=\box110
\mc@col@check@num=\count347
)
\HonorsMultivariableCalculus@idxfile=\write4
\openout4 = `HonorsMultivariableCalculus.idx'.

Writing index file HonorsMultivariableCalculus.idx 
\notmemglofile=\write5
\openout5 = `not.glo'.

Writing glossary file not.glo 
\c@howmany@notation=\count348
\c@howmany@indexentries=\count349

(C:\Users\Richard\AppData\Local\Programs\MiKTeX\tex/latex/hyperref\hyperref.sty
Package: hyperref 2022-06-20 v7.00s Hypertext links for LaTeX

(C:\Users\Richard\AppData\Local\Programs\MiKTeX\tex/generic/pdftexcmds\pdftexcm
ds.sty
Package: pdftexcmds 2020-06-27 v0.33 Utility functions of pdfTeX for LuaTeX (HO
)

(C:\Users\Richard\AppData\Local\Programs\MiKTeX\tex/generic/infwarerr\infwarerr
.sty
Package: infwarerr 2019/12/03 v1.5 Providing info/warning/error messages (HO)
)
Package pdftexcmds Info: \pdf@primitive is available.
Package pdftexcmds Info: \pdf@ifprimitive is available.
Package pdftexcmds Info: \pdfdraftmode found.
)
(C:\Users\Richard\AppData\Local\Programs\MiKTeX\tex/generic/kvdefinekeys\kvdefi
nekeys.sty
Package: kvdefinekeys 2019-12-19 v1.6 Define keys (HO)
)
(C:\Users\Richard\AppData\Local\Programs\MiKTeX\tex/generic/pdfescape\pdfescape
.sty
Package: pdfescape 2019/12/09 v1.15 Implements pdfTeX's escape features (HO)
)
(C:\Users\Richard\AppData\Local\Programs\MiKTeX\tex/latex/hycolor\hycolor.sty
Package: hycolor 2020-01-27 v1.10 Color options for hyperref/bookmark (HO)
)
(C:\Users\Richard\AppData\Local\Programs\MiKTeX\tex/latex/letltxmacro\letltxmac
ro.sty
Package: letltxmacro 2019/12/03 v1.6 Let assignment for LaTeX macros (HO)
)
(C:\Users\Richard\AppData\Local\Programs\MiKTeX\tex/latex/auxhook\auxhook.sty
Package: auxhook 2019-12-17 v1.6 Hooks for auxiliary files (HO)
)
(C:\Users\Richard\AppData\Local\Programs\MiKTeX\tex/latex/hyperref\nameref.sty
Package: nameref 2022-05-17 v2.50 Cross-referencing by name of section

(C:\Users\Richard\AppData\Local\Programs\MiKTeX\tex/latex/refcount\refcount.sty
Package: refcount 2019/12/15 v3.6 Data extraction from label references (HO)
)
(C:\Users\Richard\AppData\Local\Programs\MiKTeX\tex/generic/gettitlestring\gett
itlestring.sty
Package: gettitlestring 2019/12/15 v1.6 Cleanup title references (HO)
)
\c@section@level=\count350
)
\@linkdim=\dimen269
\Hy@linkcounter=\count351
\Hy@pagecounter=\count352

(C:\Users\Richard\AppData\Local\Programs\MiKTeX\tex/latex/hyperref\pd1enc.def
File: pd1enc.def 2022-06-20 v7.00s Hyperref: PDFDocEncoding definition (HO)
Now handling font encoding PD1 ...
... no UTF-8 mapping file for font encoding PD1
)
(C:\Users\Richard\AppData\Local\Programs\MiKTeX\tex/generic/intcalc\intcalc.sty
Package: intcalc 2019/12/15 v1.3 Expandable calculations with integers (HO)
)
(C:\Users\Richard\AppData\Local\Programs\MiKTeX\tex/generic/etexcmds\etexcmds.s
ty
Package: etexcmds 2019/12/15 v1.7 Avoid name clashes with e-TeX commands (HO)
)
\Hy@SavedSpaceFactor=\count353

(C:\Users\Richard\AppData\Local\Programs\MiKTeX\tex/latex/hyperref\puenc.def
File: puenc.def 2022-06-20 v7.00s Hyperref: PDF Unicode definition (HO)
Now handling font encoding PU ...
... no UTF-8 mapping file for font encoding PU
)
Package hyperref Info: Option `plainpages' set `false' on input line 4045.
Package hyperref Info: Option `hyperfigures' set `true' on input line 4045.
Package hyperref Info: Option `colorlinks' set `true' on input line 4045.
Package hyperref Info: Option `pdfpagelabels' set `true' on input line 4045.
Package hyperref Info: Option `bookmarksnumbered' set `true' on input line 4045
.
Package hyperref Info: Hyper figures ON on input line 4160.
Package hyperref Info: Link nesting OFF on input line 4167.
Package hyperref Info: Hyper index ON on input line 4170.
Package hyperref Info: Plain pages OFF on input line 4177.
Package hyperref Info: Backreferencing ON on input line 4180.
Package hyperref Info: Implicit mode ON; LaTeX internals redefined.
Package hyperref Info: Bookmarks ON on input line 4408.

(C:\Users\Richard\AppData\Local\Programs\MiKTeX\tex/latex/hyperref\backref.sty
Package: backref 2021/02/04 v1.41 Bibliographical back referencing

(C:\Users\Richard\AppData\Local\Programs\MiKTeX\tex/latex/rerunfilecheck\rerunf
ilecheck.sty
Package: rerunfilecheck 2022-07-10 v1.10 Rerun checks for auxiliary files (HO)

(C:\Users\Richard\AppData\Local\Programs\MiKTeX\tex/latex/base\atveryend-ltx.st
y
Package: atveryend-ltx 2020/08/19 v1.0a Emulation of the original atveryend pac
kage
with kernel methods
)
(C:\Users\Richard\AppData\Local\Programs\MiKTeX\tex/generic/uniquecounter\uniqu
ecounter.sty
Package: uniquecounter 2019/12/15 v1.4 Provide unlimited unique counter (HO)

(C:\Users\Richard\AppData\Local\Programs\MiKTeX\tex/generic/bigintcalc\bigintca
lc.sty
Package: bigintcalc 2019/12/15 v1.5 Expandable calculations on big integers (HO
)
))
Package uniquecounter Info: New unique counter `rerunfilecheck' on input line 2
85.
))
\c@Hy@tempcnt=\count354

(C:\Users\Richard\AppData\Local\Programs\MiKTeX\tex/latex/url\url.sty
\Urlmuskip=\muskip17
Package: url 2013/09/16  ver 3.4  Verb mode for urls, etc.
)
LaTeX Info: Redefining \url on input line 4746.
\XeTeXLinkMargin=\dimen270

(C:\Users\Richard\AppData\Local\Programs\MiKTeX\tex/generic/bitset\bitset.sty
Package: bitset 2019/12/09 v1.3 Handle bit-vector datatype (HO)
)
\Fld@menulength=\count355
\Field@Width=\dimen271
\Fld@charsize=\dimen272
Package hyperref Info: Hyper figures ON on input line 6022.
Package hyperref Info: Link nesting OFF on input line 6029.
Package hyperref Info: Hyper index ON on input line 6032.
Package hyperref Info: backreferencing ON on input line 6037.
Package hyperref Info: Link coloring OFF on input line 6044.
Package hyperref Info: Link coloring with OCG OFF on input line 6049.
Package hyperref Info: PDF/A mode OFF on input line 6054.

(C:\Users\Richard\AppData\Local\Programs\MiKTeX\tex/latex/base\atbegshi-ltx.sty
Package: atbegshi-ltx 2021/01/10 v1.0c Emulation of the original atbegshi
package with kernel methods
)
\Hy@abspage=\count356
\c@Item=\count357
\c@Hfootnote=\count358
)
Package hyperref Info: Driver: hpdftex.

(C:\Users\Richard\AppData\Local\Programs\MiKTeX\tex/latex/hyperref\hpdftex.def
File: hpdftex.def 2022-06-20 v7.00s Hyperref driver for pdfTeX
\Fld@listcount=\count359
\c@bookmark@seq@number=\count360
\Hy@SectionHShift=\skip264
) (C:\Users\Richard\AppData\Local\Programs\MiKTeX\tex/latex/memoir\memhfixc.sty
Package: memhfixc 2021/06/16 v1.19 nameref/hyperref package fixes for memoir cl
ass

Redoing nameref's sectioning
Redoing nameref's label
LaTeX Info: Redefining \nameref on input line 102.
\c@memhycontfloat=\count361
\c@Hpagenote=\count362
) (C:\Users\Richard\AppData\Local\Programs\MiKTeX\tex/latex/xcolor\xcolor.sty
Package: xcolor 2022/06/12 v2.14 LaTeX color extensions (UK)

(C:\Users\Richard\AppData\Local\Programs\MiKTeX\tex/latex/graphics-cfg\color.cf
g
File: color.cfg 2016/01/02 v1.6 sample color configuration
)
Package xcolor Info: Driver file: pdftex.def on input line 227.

(C:\Users\Richard\AppData\Local\Programs\MiKTeX\tex/latex/graphics-def\pdftex.d
ef
File: pdftex.def 2020/10/05 v1.2a Graphics/color driver for pdftex
)
(C:\Users\Richard\AppData\Local\Programs\MiKTeX\tex/latex-dev/graphics\mathcolo
r.ltx)
Package xcolor Info: Model `cmy' substituted by `cmy0' on input line 1353.
Package xcolor Info: Model `hsb' substituted by `rgb' on input line 1357.
Package xcolor Info: Model `RGB' extended on input line 1369.
Package xcolor Info: Model `HTML' substituted by `rgb' on input line 1371.
Package xcolor Info: Model `Hsb' substituted by `hsb' on input line 1372.
Package xcolor Info: Model `tHsb' substituted by `hsb' on input line 1373.
Package xcolor Info: Model `HSB' substituted by `hsb' on input line 1374.
Package xcolor Info: Model `Gray' substituted by `gray' on input line 1375.
Package xcolor Info: Model `wave' substituted by `hsb' on input line 1376.

(C:\Users\Richard\AppData\Local\Programs\MiKTeX\tex/latex/xcolor\svgnam.def
File: svgnam.def 2022/06/12 v2.14 Predefined colors according to SVG 1.1 (UK)
))
Package hyperref Info: Option `colorlinks' set `true' on input line 204.
\c@subfigure=\count363
\cftbeforesubfigureskip=\skip265
\cftsubfigureindent=\skip266
\cftsubfigurenumwidth=\skip267

(C:\Users\Richard\AppData\Local\Programs\MiKTeX\tex/latex/tcolorbox\tcolorbox.s
ty
Package: tcolorbox 2022/06/24 version 5.1.1 text color boxes

(C:\Users\Richard\AppData\Local\Programs\MiKTeX\tex/latex/pgf/basiclayer\pgf.st
y
(C:\Users\Richard\AppData\Local\Programs\MiKTeX\tex/latex/pgf/utilities\pgfrcs.
sty
(C:\Users\Richard\AppData\Local\Programs\MiKTeX\tex/generic/pgf/utilities\pgfut
il-common.tex
\pgfutil@everybye=\toks42
\pgfutil@tempdima=\dimen273
\pgfutil@tempdimb=\dimen274

(C:\Users\Richard\AppData\Local\Programs\MiKTeX\tex/generic/pgf/utilities\pgfut
il-common-lists.tex))
(C:\Users\Richard\AppData\Local\Programs\MiKTeX\tex/generic/pgf/utilities\pgfut
il-latex.def
\pgfutil@abb=\box111
)
(C:\Users\Richard\AppData\Local\Programs\MiKTeX\tex/generic/pgf/utilities\pgfrc
s.code.tex
(C:\Users\Richard\AppData\Local\Programs\MiKTeX\tex/generic/pgf\pgf.revision.te
x)
Package: pgfrcs 2021/05/15 v3.1.9a (3.1.9a)
))
Package: pgf 2021/05/15 v3.1.9a (3.1.9a)

(C:\Users\Richard\AppData\Local\Programs\MiKTeX\tex/latex/pgf/basiclayer\pgfcor
e.sty
(C:\Users\Richard\AppData\Local\Programs\MiKTeX\tex/latex/graphics\graphicx.sty
Package: graphicx 2021/09/16 v1.2d Enhanced LaTeX Graphics (DPC,SPQR)

(C:\Users\Richard\AppData\Local\Programs\MiKTeX\tex/latex/graphics\graphics.sty
Package: graphics 2022/03/10 v1.4e Standard LaTeX Graphics (DPC,SPQR)
(C:\Users\Richard\AppData\Local\Programs\MiKTeX\tex/latex/graphics\trig.sty
Package: trig 2021/08/11 v1.11 sin cos tan (DPC)
)
(C:\Users\Richard\AppData\Local\Programs\MiKTeX\tex/latex/graphics-cfg\graphics
.cfg
File: graphics.cfg 2016/06/04 v1.11 sample graphics configuration
)
Package graphics Info: Driver file: pdftex.def on input line 107.
)
\Gin@req@height=\dimen275
\Gin@req@width=\dimen276
)
(C:\Users\Richard\AppData\Local\Programs\MiKTeX\tex/latex/pgf/systemlayer\pgfsy
s.sty
(C:\Users\Richard\AppData\Local\Programs\MiKTeX\tex/generic/pgf/systemlayer\pgf
sys.code.tex
Package: pgfsys 2021/05/15 v3.1.9a (3.1.9a)

(C:\Users\Richard\AppData\Local\Programs\MiKTeX\tex/generic/pgf/utilities\pgfke
ys.code.tex
\pgfkeys@pathtoks=\toks43
\pgfkeys@temptoks=\toks44

(C:\Users\Richard\AppData\Local\Programs\MiKTeX\tex/generic/pgf/utilities\pgfke
ysfiltered.code.tex
\pgfkeys@tmptoks=\toks45
))
\pgf@x=\dimen277
\pgf@y=\dimen278
\pgf@xa=\dimen279
\pgf@ya=\dimen280
\pgf@xb=\dimen281
\pgf@yb=\dimen282
\pgf@xc=\dimen283
\pgf@yc=\dimen284
\pgf@xd=\dimen285
\pgf@yd=\dimen286
\w@pgf@writea=\write6
\r@pgf@reada=\read3
\c@pgf@counta=\count364
\c@pgf@countb=\count365
\c@pgf@countc=\count366
\c@pgf@countd=\count367
\t@pgf@toka=\toks46
\t@pgf@tokb=\toks47
\t@pgf@tokc=\toks48
\pgf@sys@id@count=\count368

(C:\Users\Richard\AppData\Local\Programs\MiKTeX\tex/generic/pgf/systemlayer\pgf
.cfg
File: pgf.cfg 2021/05/15 v3.1.9a (3.1.9a)
)
Driver file for pgf: pgfsys-pdftex.def

(C:\Users\Richard\AppData\Local\Programs\MiKTeX\tex/generic/pgf/systemlayer\pgf
sys-pdftex.def
File: pgfsys-pdftex.def 2021/05/15 v3.1.9a (3.1.9a)

(C:\Users\Richard\AppData\Local\Programs\MiKTeX\tex/generic/pgf/systemlayer\pgf
sys-common-pdf.def
File: pgfsys-common-pdf.def 2021/05/15 v3.1.9a (3.1.9a)
)))
(C:\Users\Richard\AppData\Local\Programs\MiKTeX\tex/generic/pgf/systemlayer\pgf
syssoftpath.code.tex
File: pgfsyssoftpath.code.tex 2021/05/15 v3.1.9a (3.1.9a)
\pgfsyssoftpath@smallbuffer@items=\count369
\pgfsyssoftpath@bigbuffer@items=\count370
)
(C:\Users\Richard\AppData\Local\Programs\MiKTeX\tex/generic/pgf/systemlayer\pgf
sysprotocol.code.tex
File: pgfsysprotocol.code.tex 2021/05/15 v3.1.9a (3.1.9a)
))
(C:\Users\Richard\AppData\Local\Programs\MiKTeX\tex/generic/pgf/basiclayer\pgfc
ore.code.tex
Package: pgfcore 2021/05/15 v3.1.9a (3.1.9a)

(C:\Users\Richard\AppData\Local\Programs\MiKTeX\tex/generic/pgf/math\pgfmath.co
de.tex
(C:\Users\Richard\AppData\Local\Programs\MiKTeX\tex/generic/pgf/math\pgfmathcal
c.code.tex
(C:\Users\Richard\AppData\Local\Programs\MiKTeX\tex/generic/pgf/math\pgfmathuti
l.code.tex)
(C:\Users\Richard\AppData\Local\Programs\MiKTeX\tex/generic/pgf/math\pgfmathpar
ser.code.tex
\pgfmath@dimen=\dimen287
\pgfmath@count=\count371
\pgfmath@box=\box112
\pgfmath@toks=\toks49
\pgfmath@stack@operand=\toks50
\pgfmath@stack@operation=\toks51
)
(C:\Users\Richard\AppData\Local\Programs\MiKTeX\tex/generic/pgf/math\pgfmathfun
ctions.code.tex
(C:\Users\Richard\AppData\Local\Programs\MiKTeX\tex/generic/pgf/math\pgfmathfun
ctions.basic.code.tex)
(C:\Users\Richard\AppData\Local\Programs\MiKTeX\tex/generic/pgf/math\pgfmathfun
ctions.trigonometric.code.tex)
(C:\Users\Richard\AppData\Local\Programs\MiKTeX\tex/generic/pgf/math\pgfmathfun
ctions.random.code.tex)
(C:\Users\Richard\AppData\Local\Programs\MiKTeX\tex/generic/pgf/math\pgfmathfun
ctions.comparison.code.tex)
(C:\Users\Richard\AppData\Local\Programs\MiKTeX\tex/generic/pgf/math\pgfmathfun
ctions.base.code.tex)
(C:\Users\Richard\AppData\Local\Programs\MiKTeX\tex/generic/pgf/math\pgfmathfun
ctions.round.code.tex)
(C:\Users\Richard\AppData\Local\Programs\MiKTeX\tex/generic/pgf/math\pgfmathfun
ctions.misc.code.tex)
(C:\Users\Richard\AppData\Local\Programs\MiKTeX\tex/generic/pgf/math\pgfmathfun
ctions.integerarithmetics.code.tex)))
(C:\Users\Richard\AppData\Local\Programs\MiKTeX\tex/generic/pgf/math\pgfmathflo
at.code.tex
\c@pgfmathroundto@lastzeros=\count372
))
(C:\Users\Richard\AppData\Local\Programs\MiKTeX\tex/generic/pgf/math\pgfint.cod
e.tex)
(C:\Users\Richard\AppData\Local\Programs\MiKTeX\tex/generic/pgf/basiclayer\pgfc
orepoints.code.tex
File: pgfcorepoints.code.tex 2021/05/15 v3.1.9a (3.1.9a)
\pgf@picminx=\dimen288
\pgf@picmaxx=\dimen289
\pgf@picminy=\dimen290
\pgf@picmaxy=\dimen291
\pgf@pathminx=\dimen292
\pgf@pathmaxx=\dimen293
\pgf@pathminy=\dimen294
\pgf@pathmaxy=\dimen295
\pgf@xx=\dimen296
\pgf@xy=\dimen297
\pgf@yx=\dimen298
\pgf@yy=\dimen299
\pgf@zx=\dimen300
\pgf@zy=\dimen301
)
(C:\Users\Richard\AppData\Local\Programs\MiKTeX\tex/generic/pgf/basiclayer\pgfc
orepathconstruct.code.tex
File: pgfcorepathconstruct.code.tex 2021/05/15 v3.1.9a (3.1.9a)
\pgf@path@lastx=\dimen302
\pgf@path@lasty=\dimen303
)
(C:\Users\Richard\AppData\Local\Programs\MiKTeX\tex/generic/pgf/basiclayer\pgfc
orepathusage.code.tex
File: pgfcorepathusage.code.tex 2021/05/15 v3.1.9a (3.1.9a)
\pgf@shorten@end@additional=\dimen304
\pgf@shorten@start@additional=\dimen305
)
(C:\Users\Richard\AppData\Local\Programs\MiKTeX\tex/generic/pgf/basiclayer\pgfc
orescopes.code.tex
File: pgfcorescopes.code.tex 2021/05/15 v3.1.9a (3.1.9a)
\pgfpic=\box113
\pgf@hbox=\box114
\pgf@layerbox@main=\box115
\pgf@picture@serial@count=\count373
)
(C:\Users\Richard\AppData\Local\Programs\MiKTeX\tex/generic/pgf/basiclayer\pgfc
oregraphicstate.code.tex
File: pgfcoregraphicstate.code.tex 2021/05/15 v3.1.9a (3.1.9a)
\pgflinewidth=\dimen306
)
(C:\Users\Richard\AppData\Local\Programs\MiKTeX\tex/generic/pgf/basiclayer\pgfc
oretransformations.code.tex
File: pgfcoretransformations.code.tex 2021/05/15 v3.1.9a (3.1.9a)
\pgf@pt@x=\dimen307
\pgf@pt@y=\dimen308
\pgf@pt@temp=\dimen309
)
(C:\Users\Richard\AppData\Local\Programs\MiKTeX\tex/generic/pgf/basiclayer\pgfc
orequick.code.tex
File: pgfcorequick.code.tex 2021/05/15 v3.1.9a (3.1.9a)
)
(C:\Users\Richard\AppData\Local\Programs\MiKTeX\tex/generic/pgf/basiclayer\pgfc
oreobjects.code.tex
File: pgfcoreobjects.code.tex 2021/05/15 v3.1.9a (3.1.9a)
)
(C:\Users\Richard\AppData\Local\Programs\MiKTeX\tex/generic/pgf/basiclayer\pgfc
orepathprocessing.code.tex
File: pgfcorepathprocessing.code.tex 2021/05/15 v3.1.9a (3.1.9a)
)
(C:\Users\Richard\AppData\Local\Programs\MiKTeX\tex/generic/pgf/basiclayer\pgfc
orearrows.code.tex
File: pgfcorearrows.code.tex 2021/05/15 v3.1.9a (3.1.9a)
\pgfarrowsep=\dimen310
)
(C:\Users\Richard\AppData\Local\Programs\MiKTeX\tex/generic/pgf/basiclayer\pgfc
oreshade.code.tex
File: pgfcoreshade.code.tex 2021/05/15 v3.1.9a (3.1.9a)
\pgf@max=\dimen311
\pgf@sys@shading@range@num=\count374
\pgf@shadingcount=\count375
)
(C:\Users\Richard\AppData\Local\Programs\MiKTeX\tex/generic/pgf/basiclayer\pgfc
oreimage.code.tex
File: pgfcoreimage.code.tex 2021/05/15 v3.1.9a (3.1.9a)

(C:\Users\Richard\AppData\Local\Programs\MiKTeX\tex/generic/pgf/basiclayer\pgfc
oreexternal.code.tex
File: pgfcoreexternal.code.tex 2021/05/15 v3.1.9a (3.1.9a)
\pgfexternal@startupbox=\box116
))
(C:\Users\Richard\AppData\Local\Programs\MiKTeX\tex/generic/pgf/basiclayer\pgfc
orelayers.code.tex
File: pgfcorelayers.code.tex 2021/05/15 v3.1.9a (3.1.9a)
)
(C:\Users\Richard\AppData\Local\Programs\MiKTeX\tex/generic/pgf/basiclayer\pgfc
oretransparency.code.tex
File: pgfcoretransparency.code.tex 2021/05/15 v3.1.9a (3.1.9a)
)
(C:\Users\Richard\AppData\Local\Programs\MiKTeX\tex/generic/pgf/basiclayer\pgfc
orepatterns.code.tex
File: pgfcorepatterns.code.tex 2021/05/15 v3.1.9a (3.1.9a)
)
(C:\Users\Richard\AppData\Local\Programs\MiKTeX\tex/generic/pgf/basiclayer\pgfc
orerdf.code.tex
File: pgfcorerdf.code.tex 2021/05/15 v3.1.9a (3.1.9a)
)))
(C:\Users\Richard\AppData\Local\Programs\MiKTeX\tex/generic/pgf/modules\pgfmodu
leshapes.code.tex
File: pgfmoduleshapes.code.tex 2021/05/15 v3.1.9a (3.1.9a)
\pgfnodeparttextbox=\box117
)
(C:\Users\Richard\AppData\Local\Programs\MiKTeX\tex/generic/pgf/modules\pgfmodu
leplot.code.tex
File: pgfmoduleplot.code.tex 2021/05/15 v3.1.9a (3.1.9a)
)
(C:\Users\Richard\AppData\Local\Programs\MiKTeX\tex/latex/pgf/compatibility\pgf
comp-version-0-65.sty
Package: pgfcomp-version-0-65 2021/05/15 v3.1.9a (3.1.9a)
\pgf@nodesepstart=\dimen312
\pgf@nodesepend=\dimen313
)
(C:\Users\Richard\AppData\Local\Programs\MiKTeX\tex/latex/pgf/compatibility\pgf
comp-version-1-18.sty
Package: pgfcomp-version-1-18 2021/05/15 v3.1.9a (3.1.9a)
))
(C:\Users\Richard\AppData\Local\Programs\MiKTeX\tex/latex/environ\environ.sty
Package: environ 2014/05/04 v0.3 A new way to define environments

(C:\Users\Richard\AppData\Local\Programs\MiKTeX\tex/latex/trimspaces\trimspaces
.sty
Package: trimspaces 2009/09/17 v1.1 Trim spaces around a token list
))
\tcb@titlebox=\box118
\tcb@upperbox=\box119
\tcb@lowerbox=\box120
\tcb@phantombox=\box121
\c@tcbbreakpart=\count376
\c@tcblayer=\count377
\c@tcolorbox@number=\count378
\tcb@temp=\box122
\tcb@temp=\box123
\tcb@temp=\box124
\tcb@temp=\box125
)
(C:\Users\Richard\AppData\Local\Programs\MiKTeX\tex/latex/tcolorbox\tcbbreakabl
e.code.tex
Library (tcolorbox): 'tcbbreakable.code.tex' version '5.1.1'

(C:\Users\Richard\AppData\Local\Programs\MiKTeX\tex/generic/oberdiek\pdfcol.sty
Package: pdfcol 2019/12/29 v1.6 Handle new color stacks for pdfTeX (HO)
)
Package pdfcol Info: New color stack `tcb@breakable' = 1 on input line 23.
\tcb@testbox=\box126
\tcb@totalupperbox=\box127
\tcb@totallowerbox=\box128
)
(C:\Users\Richard\AppData\Local\Programs\MiKTeX\tex/latex/tcolorbox\tcbskins.co
de.tex
Library (tcolorbox): 'tcbskins.code.tex' version '5.1.1'

(C:\Users\Richard\AppData\Local\Programs\MiKTeX\tex/latex/pgf/frontendlayer\tik
z.sty
(C:\Users\Richard\AppData\Local\Programs\MiKTeX\tex/latex/pgf/utilities\pgffor.
sty
(C:\Users\Richard\AppData\Local\Programs\MiKTeX\tex/latex/pgf/utilities\pgfkeys
.sty
(C:\Users\Richard\AppData\Local\Programs\MiKTeX\tex/generic/pgf/utilities\pgfke
ys.code.tex))
(C:\Users\Richard\AppData\Local\Programs\MiKTeX\tex/latex/pgf/math\pgfmath.sty
(C:\Users\Richard\AppData\Local\Programs\MiKTeX\tex/generic/pgf/math\pgfmath.co
de.tex))
(C:\Users\Richard\AppData\Local\Programs\MiKTeX\tex/generic/pgf/utilities\pgffo
r.code.tex
Package: pgffor 2021/05/15 v3.1.9a (3.1.9a)

(C:\Users\Richard\AppData\Local\Programs\MiKTeX\tex/generic/pgf/math\pgfmath.co
de.tex)
\pgffor@iter=\dimen314
\pgffor@skip=\dimen315
\pgffor@stack=\toks52
\pgffor@toks=\toks53
))
(C:\Users\Richard\AppData\Local\Programs\MiKTeX\tex/generic/pgf/frontendlayer/t
ikz\tikz.code.tex
Package: tikz 2021/05/15 v3.1.9a (3.1.9a)

(C:\Users\Richard\AppData\Local\Programs\MiKTeX\tex/generic/pgf/libraries\pgfli
braryplothandlers.code.tex
File: pgflibraryplothandlers.code.tex 2021/05/15 v3.1.9a (3.1.9a)
\pgf@plot@mark@count=\count379
\pgfplotmarksize=\dimen316
)
\tikz@lastx=\dimen317
\tikz@lasty=\dimen318
\tikz@lastxsaved=\dimen319
\tikz@lastysaved=\dimen320
\tikz@lastmovetox=\dimen321
\tikz@lastmovetoy=\dimen322
\tikzleveldistance=\dimen323
\tikzsiblingdistance=\dimen324
\tikz@figbox=\box129
\tikz@figbox@bg=\box130
\tikz@tempbox=\box131
\tikz@tempbox@bg=\box132
\tikztreelevel=\count380
\tikznumberofchildren=\count381
\tikznumberofcurrentchild=\count382
\tikz@fig@count=\count383

(C:\Users\Richard\AppData\Local\Programs\MiKTeX\tex/generic/pgf/modules\pgfmodu
lematrix.code.tex
File: pgfmodulematrix.code.tex 2021/05/15 v3.1.9a (3.1.9a)
\pgfmatrixcurrentrow=\count384
\pgfmatrixcurrentcolumn=\count385
\pgf@matrix@numberofcolumns=\count386
)
\tikz@expandcount=\count387

(C:\Users\Richard\AppData\Local\Programs\MiKTeX\tex/generic/pgf/frontendlayer/t
ikz/libraries\tikzlibrarytopaths.code.tex
File: tikzlibrarytopaths.code.tex 2021/05/15 v3.1.9a (3.1.9a)
)))
\tcb@waterbox=\box133

(C:\Users\Richard\AppData\Local\Programs\MiKTeX\tex/latex/tcolorbox\tcbskinsjig
saw.code.tex
Library (tcolorbox): 'tcbskinsjigsaw.code.tex' version '5.1.1'
))
\c@theorem=\count388
\c@problemTheorem=\count389
\ansoutoutstre@m=\write7
\c@howmany@answers=\count390

(C:\Users\Richard\AppData\Local\Programs\MiKTeX\tex/latex/colortbl\colortbl.sty
Package: colortbl 2022/06/20 v1.0f Color table columns (DPC)
\everycr=\toks54
\minrowclearance=\skip268
\rownum=\count391
)
(C:\Users\Richard\AppData\Local\Programs\MiKTeX\tex/latex/enumitem\enumitem.sty
Package: enumitem 2019/06/20 v3.9 Customized lists
\labelindent=\skip269
\enit@outerparindent=\dimen325
\enit@toks=\toks55
\enit@inbox=\box134
\enit@count@id=\count392
\enitdp@description=\count393
)
\smallboxh=\skip270
\smallboxd=\skip271
\smallboxw=\skip272
)
(C:\Users\Richard\AppData\Local\Programs\MiKTeX\tex/latex/fancyvrb\fancyvrb.sty
Package: fancyvrb 2022/06/06 4.5 verbatim text (tvz,hv)
\FV@CodeLineNo=\count394
\FV@InFile=\read4
\FV@TabBox=\box135
\c@FancyVerbLine=\count395
\FV@StepNumber=\count396
\FV@OutFile=\write8
)
(C:\Users\Richard\AppData\Local\Programs\MiKTeX\tex/latex/inconsolata\inconsola
ta.sty
Package: inconsolata 2019/05/17 v1.12

`inconsolata-zi4' v1.12, 2019/05/17 Text macros for Inconsolata (msharpe)
\zifour@ocount=\count397
)
(preamble.tex
(C:\Users\Richard\AppData\Local\Programs\MiKTeX\tex/latex/tikz-cd\tikz-cd.sty
Package: tikz-cd 2021/05/04 v1.0 Commutative diagrams with TikZ

(C:\Users\Richard\AppData\Local\Programs\MiKTeX\tex/latex/tikz-cd\tikzlibrarycd
.code.tex
(C:\Users\Richard\AppData\Local\Programs\MiKTeX\tex/generic/pgf/frontendlayer/t
ikz/libraries\tikzlibrarymatrix.code.tex
File: tikzlibrarymatrix.code.tex 2021/05/15 v3.1.9a (3.1.9a)
)
(C:\Users\Richard\AppData\Local\Programs\MiKTeX\tex/generic/pgf/frontendlayer/t
ikz/libraries\tikzlibraryquotes.code.tex
File: tikzlibraryquotes.code.tex 2021/05/15 v3.1.9a (3.1.9a)
)
(C:\Users\Richard\AppData\Local\Programs\MiKTeX\tex/generic/pgf/libraries\pgfli
braryarrows.meta.code.tex
File: pgflibraryarrows.meta.code.tex 2021/05/15 v3.1.9a (3.1.9a)
\pgfarrowinset=\dimen326
\pgfarrowlength=\dimen327
\pgfarrowwidth=\dimen328
\pgfarrowlinewidth=\dimen329
)))
(C:\Users\Richard\AppData\Local\Programs\MiKTeX\tex/latex/jknappen\mathrsfs.sty
Package: mathrsfs 1996/01/01 Math RSFS package v1.0 (jk)
\symrsfs=\mathgroup6
) (C:\Users\Richard\AppData\Local\Programs\MiKTeX\tex/latex/tools\bm.sty
Package: bm 2021/04/25 v1.2e Bold Symbol Support (DPC/FMi)
\symboldoperators=\mathgroup7
\symboldletters=\mathgroup8
\symboldsymbols=\mathgroup9
Package bm Info: No bold for \OMX/lmex/m/n, using \pmb.
Package bm Info: No bold for \U/msa/m/n, using \pmb.
Package bm Info: No bold for \U/msb/m/n, using \pmb.
Package bm Info: No bold for \U/rsfs/m/n, using \pmb.
LaTeX Font Info:    Redeclaring math alphabet \mathbf on input line 149.
)
(C:\Users\Richard\AppData\Local\Programs\MiKTeX\tex/latex/animate\animate.sty
Package: animate 2022/08/04 PDF & SVG animations from files and inline graphics


(C:\Users\Richard\AppData\Local\Programs\MiKTeX\tex/latex/oberdiek\ifdraft.sty
Package: ifdraft 2016/05/16 v1.4 Detect class options draft and final (HO)
) (C:\Users\Richard\AppData\Local\Programs\MiKTeX\tex/latex/media9\pdfbase.sty
Package: pdfbase 2022/08/04 v0.55 driver independent access to low-level PDF fe
atures
\g_pbs_page_int=\count398
\g_pbs_oc_int=\count399
)
(C:\Users\Richard\AppData\Local\Programs\MiKTeX\tex/latex/zref\zref-abspage.sty
Package: zref-abspage 2022-04-07 v2.34 Module abspage for zref (HO)
(C:\Users\Richard\AppData\Local\Programs\MiKTeX\tex/latex/zref\zref-base.sty
Package: zref-base 2022-04-07 v2.34 Module base for zref (HO)
Package zref Info: New property list: main on input line 767.
Package zref Info: New property: default on input line 768.
Package zref Info: New property: page on input line 769.
)
\c@abspage=\count400
Package zref Info: New property: abspage on input line 65.
)
(C:\Users\Richard\AppData\Local\Programs\MiKTeX\tex/latex/ocgx2\ocgbase.sty
Package: ocgbase 2022/08/04 v0.22 support package for ocgx2.sty
\g_ocgbase_nd_int=\count401
)
\@anim@box=\box136
\@anim@measbox=\box137
\@anim@tmpdima=\dimen330
\@anim@tmpdimb=\dimen331
\@anim@num=\count402
\@anim@curframe=\count403
\@anim@curframe@zb=\count404
\@anim@resizeflags=\count405
\@anim@skipfram=\count406
\@anim@mulframecnt=\count407
\@anim@@tmlnfile=\read5
\@anim@tmpcnt=\count408
\c@@anim@ltxcnt=\count409
\@anim@curlayer=\count410
\@anim@lineno=\count411
\@anim@curfield=\count412
\@anim@@resizeflags=\count413
)
(C:\Users\Richard\AppData\Local\Programs\MiKTeX\tex/latex/adjustbox\adjustbox.s
ty
Package: adjustbox 2020/08/19 v1.3 Adjusting TeX boxes (trim, clip, ...)

(C:\Users\Richard\AppData\Local\Programs\MiKTeX\tex/latex/adjustbox\adjcalc.sty
Package: adjcalc 2012/05/16 v1.1 Provides advanced setlength with multiple back
-ends (calc, etex, pgfmath)
)
(C:\Users\Richard\AppData\Local\Programs\MiKTeX\tex/latex/adjustbox\trimclip.st
y
Package: trimclip 2020/08/19 v1.2 Trim and clip general TeX material

(C:\Users\Richard\AppData\Local\Programs\MiKTeX\tex/latex/collectbox\collectbox
.sty
Package: collectbox 2012/05/17 v0.4b Collect macro arguments as boxes
\collectedbox=\box138
)
\tc@llx=\dimen332
\tc@lly=\dimen333
\tc@urx=\dimen334
\tc@ury=\dimen335
Package trimclip Info: Using driver 'tc-pdftex.def'.

(C:\Users\Richard\AppData\Local\Programs\MiKTeX\tex/latex/adjustbox\tc-pdftex.d
ef
File: tc-pdftex.def 2019/01/04 v2.2 Clipping driver for pdftex
))
\adjbox@Width=\dimen336
\adjbox@Height=\dimen337
\adjbox@Depth=\dimen338
\adjbox@Totalheight=\dimen339
\adjbox@pwidth=\dimen340
\adjbox@pheight=\dimen341
\adjbox@pdepth=\dimen342
\adjbox@ptotalheight=\dimen343

(C:\Users\Richard\AppData\Local\Programs\MiKTeX\tex/latex/ifoddpage\ifoddpage.s
ty
Package: ifoddpage 2016/04/23 v1.1 Conditionals for odd/even page detection
\c@checkoddpage=\count414
LaTeX Info: Redefining \checkoddpage on input line 45.
)
(C:\Users\Richard\AppData\Local\Programs\MiKTeX\tex/latex/varwidth\varwidth.sty
Package: varwidth 2009/03/30 ver 0.92;  Variable-width minipages
\@vwid@box=\box139
\sift@deathcycles=\count415
\@vwid@loff=\dimen344
\@vwid@roff=\dimen345
))
(C:\Users\Richard\AppData\Local\Programs\MiKTeX\tex/latex/cleveref\cleveref.sty
Package: cleveref 2018/03/27 v0.21.4 Intelligent cross-referencing
LaTeX Info: Redefining \Cref on input line 925.
Package cleveref Info: `hyperref' support loaded on input line 2370.
LaTeX Info: Redefining \cref on input line 2370.
LaTeX Info: Redefining \Cref on input line 2370.
LaTeX Info: Redefining \crefrange on input line 2370.
LaTeX Info: Redefining \Crefrange on input line 2370.
LaTeX Info: Redefining \cpageref on input line 2370.
LaTeX Info: Redefining \Cpageref on input line 2370.
LaTeX Info: Redefining \cpagerefrange on input line 2370.
LaTeX Info: Redefining \Cpagerefrange on input line 2370.
LaTeX Info: Redefining \labelcref on input line 2370.
LaTeX Info: Redefining \labelcpageref on input line 2370.
Package cleveref Info: `varioref' support loaded on input line 2605.
Package cleveref Info: `cleveref' supersedes `varioref's \labelformatcommand on
 input line 2605.
LaTeX Info: Redefining \vref on input line 2605.
LaTeX Info: Redefining \Vref on input line 2605.
LaTeX Info: Redefining \vrefrange on input line 2605.
LaTeX Info: Redefining \fullref on input line 2605.
Package cleveref Info: `amsthm' support loaded on input line 3026.
) (C:\Users\Richard\AppData\Local\Programs\MiKTeX\tex/latex/caption\caption.sty
Package: caption 2022/03/01 v3.6b Customizing captions (AR)
(C:\Users\Richard\AppData\Local\Programs\MiKTeX\tex/latex/caption\caption3.sty
Package: caption3 2022/03/17 v2.3b caption3 kernel (AR)
\caption@tempdima=\dimen346
\captionmargin=\dimen347
\caption@leftmargin=\dimen348
\caption@rightmargin=\dimen349
\caption@width=\dimen350
\caption@indent=\dimen351
\caption@parindent=\dimen352
\caption@hangindent=\dimen353
Package caption Info: memoir document class detected.

(C:\Users\Richard\AppData\Local\Programs\MiKTeX\tex/latex/caption\caption-memoi
r.sto
File: caption-memoir.sto 2022/03/02 v2.2b Adaption of the caption package to th
e memoir document class (AR)
))
\c@caption@flags=\count416
\c@continuedfloat=\count417
Package caption Info: changepage package is loaded.
\caption@adjustwidth@hsize=\dimen354
\caption@adjustwidth@linewidth=\dimen355
Package caption Info: hyperref package is loaded.
Package caption Info: longtable package is loaded.

(C:\Users\Richard\AppData\Local\Programs\MiKTeX\tex/latex/caption\ltcaption.sty
Package: ltcaption 2021/01/08 v1.4c longtable captions (AR)
))
(C:\Users\Richard\AppData\Local\Programs\MiKTeX\tex/latex/pgfplots\pgfplots.sty

(C:\Users\Richard\AppData\Local\Programs\MiKTeX\tex/generic/pgfplots\pgfplots.r
evision.tex)
Package: pgfplots 2021/05/15 v1.18.1 Data Visualization (1.18.1)

(C:\Users\Richard\AppData\Local\Programs\MiKTeX\tex/generic/pgfplots\pgfplots.c
ode.tex
(C:\Users\Richard\AppData\Local\Programs\MiKTeX\tex/generic/pgfplots\pgfplotsco
re.code.tex
\t@pgfplots@toka=\toks56
\t@pgfplots@tokb=\toks57
\t@pgfplots@tokc=\toks58
\pgfplots@tmpa=\dimen356
\c@pgfplots@coordindex=\count418
\c@pgfplots@scanlineindex=\count419

(C:\Users\Richard\AppData\Local\Programs\MiKTeX\tex/generic/pgfplots/sys\pgfplo
tssysgeneric.code.tex))
(C:\Users\Richard\AppData\Local\Programs\MiKTeX\tex/generic/pgfplots/libs\pgfpl
otslibrary.code.tex)
(C:\Users\Richard\AppData\Local\Programs\MiKTeX\tex/generic/pgfplots/oldpgfcomp
atib\pgfplotsoldpgfsupp_loader.code.tex
(C:\Users\Richard\AppData\Local\Programs\MiKTeX\tex/generic/pgf/libraries\pgfli
braryfpu.code.tex))
(C:\Users\Richard\AppData\Local\Programs\MiKTeX\tex/generic/pgfplots/util\pgfpl
otsutil.code.tex
(C:\Users\Richard\AppData\Local\Programs\MiKTeX\tex/generic/pgfplots/liststruct
ure\pgfplotsliststructure.code.tex)
(C:\Users\Richard\AppData\Local\Programs\MiKTeX\tex/generic/pgfplots/liststruct
ure\pgfplotsliststructureext.code.tex)
(C:\Users\Richard\AppData\Local\Programs\MiKTeX\tex/generic/pgfplots/liststruct
ure\pgfplotsarray.code.tex
\c@pgfplotsarray@tmp=\count420
)
(C:\Users\Richard\AppData\Local\Programs\MiKTeX\tex/generic/pgfplots/liststruct
ure\pgfplotsmatrix.code.tex)
(C:\Users\Richard\AppData\Local\Programs\MiKTeX\tex/generic/pgfplots/numtable\p
gfplotstableshared.code.tex
\c@pgfplotstable@counta=\count421
\t@pgfplotstable@a=\toks59
)
(C:\Users\Richard\AppData\Local\Programs\MiKTeX\tex/generic/pgfplots/liststruct
ure\pgfplotsdeque.code.tex)
(C:\Users\Richard\AppData\Local\Programs\MiKTeX\tex/generic/pgfplots/util\pgfpl
otsbinary.code.tex
(C:\Users\Richard\AppData\Local\Programs\MiKTeX\tex/generic/pgfplots/util\pgfpl
otsbinary.data.code.tex))
(C:\Users\Richard\AppData\Local\Programs\MiKTeX\tex/generic/pgfplots/util\pgfpl
otsutil.verb.code.tex)
(C:\Users\Richard\AppData\Local\Programs\MiKTeX\tex/generic/pgfplots/libs\pgfli
brarypgfplots.surfshading.code.tex
\c@pgfplotslibrarysurf@no=\count422

(C:\Users\Richard\AppData\Local\Programs\MiKTeX\tex/generic/pgfplots/sys\pgflib
rarypgfplots.surfshading.pgfsys-pdftex.def)))
(C:\Users\Richard\AppData\Local\Programs\MiKTeX\tex/generic/pgfplots/util\pgfpl
otscolormap.code.tex
(C:\Users\Richard\AppData\Local\Programs\MiKTeX\tex/generic/pgfplots/util\pgfpl
otscolor.code.tex))
(C:\Users\Richard\AppData\Local\Programs\MiKTeX\tex/generic/pgfplots\pgfplotsst
ackedplots.code.tex)
(C:\Users\Richard\AppData\Local\Programs\MiKTeX\tex/generic/pgfplots\pgfplotspl
othandlers.code.tex
(C:\Users\Richard\AppData\Local\Programs\MiKTeX\tex/generic/pgfplots\pgfplotsme
shplothandler.code.tex
(C:\Users\Richard\AppData\Local\Programs\MiKTeX\tex/generic/pgfplots\pgfplotsme
shplotimage.code.tex)))
(C:\Users\Richard\AppData\Local\Programs\MiKTeX\tex/generic/pgfplots\pgfplots.s
caling.code.tex)
(C:\Users\Richard\AppData\Local\Programs\MiKTeX\tex/generic/pgfplots\pgfplotsco
ordprocessing.code.tex)
(C:\Users\Richard\AppData\Local\Programs\MiKTeX\tex/generic/pgfplots\pgfplots.e
rrorbars.code.tex)
(C:\Users\Richard\AppData\Local\Programs\MiKTeX\tex/generic/pgfplots\pgfplots.m
arkers.code.tex)
(C:\Users\Richard\AppData\Local\Programs\MiKTeX\tex/generic/pgfplots\pgfplotsti
cks.code.tex)
(C:\Users\Richard\AppData\Local\Programs\MiKTeX\tex/generic/pgfplots\pgfplots.p
aths.code.tex)
(C:\Users\Richard\AppData\Local\Programs\MiKTeX\tex/generic/pgf/frontendlayer/t
ikz/libraries\tikzlibrarydecorations.code.tex
(C:\Users\Richard\AppData\Local\Programs\MiKTeX\tex/generic/pgf/modules\pgfmodu
ledecorations.code.tex
\pgfdecoratedcompleteddistance=\dimen357
\pgfdecoratedremainingdistance=\dimen358
\pgfdecoratedinputsegmentcompleteddistance=\dimen359
\pgfdecoratedinputsegmentremainingdistance=\dimen360
\pgf@decorate@distancetomove=\dimen361
\pgf@decorate@repeatstate=\count423
\pgfdecorationsegmentamplitude=\dimen362
\pgfdecorationsegmentlength=\dimen363
)
\tikz@lib@dec@box=\box140
)
(C:\Users\Richard\AppData\Local\Programs\MiKTeX\tex/generic/pgf/frontendlayer/t
ikz/libraries\tikzlibrarydecorations.pathmorphing.code.tex
(C:\Users\Richard\AppData\Local\Programs\MiKTeX\tex/generic/pgf/libraries/decor
ations\pgflibrarydecorations.pathmorphing.code.tex))
(C:\Users\Richard\AppData\Local\Programs\MiKTeX\tex/generic/pgf/frontendlayer/t
ikz/libraries\tikzlibrarydecorations.pathreplacing.code.tex
(C:\Users\Richard\AppData\Local\Programs\MiKTeX\tex/generic/pgf/libraries/decor
ations\pgflibrarydecorations.pathreplacing.code.tex))
(C:\Users\Richard\AppData\Local\Programs\MiKTeX\tex/generic/pgfplots/libs\tikzl
ibrarypgfplots.contourlua.code.tex)
\pgfplots@numplots=\count424
\pgfplots@xmin@reg=\dimen364
\pgfplots@xmax@reg=\dimen365
\pgfplots@ymin@reg=\dimen366
\pgfplots@ymax@reg=\dimen367
\pgfplots@zmin@reg=\dimen368
\pgfplots@zmax@reg=\dimen369
)
(C:\Users\Richard\AppData\Local\Programs\MiKTeX\tex/generic/pgf/frontendlayer/t
ikz/libraries\tikzlibraryplotmarks.code.tex
File: tikzlibraryplotmarks.code.tex 2021/05/15 v3.1.9a (3.1.9a)

(C:\Users\Richard\AppData\Local\Programs\MiKTeX\tex/generic/pgf/libraries\pgfli
braryplotmarks.code.tex
File: pgflibraryplotmarks.code.tex 2021/05/15 v3.1.9a (3.1.9a)
)))
(C:\Users\Richard\AppData\Local\Programs\MiKTeX\tex/generic/pgf/frontendlayer/t
ikz/libraries\tikzlibraryscopes.code.tex
File: tikzlibraryscopes.code.tex 2021/05/15 v3.1.9a (3.1.9a)
)
(C:\Users\Richard\AppData\Local\Programs\MiKTeX\tex/generic/pgf/frontendlayer/t
ikz/libraries\tikzlibraryangles.code.tex
File: tikzlibraryangles.code.tex 2021/05/15 v3.1.9a (3.1.9a)
)
(C:\Users\Richard\AppData\Local\Programs\MiKTeX\tex/generic/pgf/frontendlayer/t
ikz/libraries\tikzlibrarycalc.code.tex
File: tikzlibrarycalc.code.tex 2021/05/15 v3.1.9a (3.1.9a)
)
(C:\Users\Richard\AppData\Local\Programs\MiKTeX\tex/generic/pgf/frontendlayer/t
ikz/libraries\tikzlibrarypositioning.code.tex
File: tikzlibrarypositioning.code.tex 2021/05/15 v3.1.9a (3.1.9a)
))
LaTeX Font Info:    Trying to load font information for T1+clm2j on input line 
12.

(C:\Users\Richard\AppData\Local\Programs\MiKTeX\tex/latex/cfr-lm\t1clm2j.fd
File: t1clm2j.fd 2010/05/25 Fontinst v1.933 font definitions for T1/clm2j.
)
(HonorsMultivariableCalculus.aux)
\openout1 = `HonorsMultivariableCalculus.aux'.

LaTeX Font Info:    Checking defaults for OML/lmm/m/it on input line 12.
LaTeX Font Info:    Trying to load font information for OML+lmm on input line 1
2.

(C:\Users\Richard\AppData\Local\Programs\MiKTeX\tex/latex/lm\omllmm.fd
File: omllmm.fd 2015/05/01 v1.6.1 Font defs for Latin Modern
)
LaTeX Font Info:    ... okay on input line 12.
LaTeX Font Info:    Checking defaults for OMS/lmsy/m/n on input line 12.
LaTeX Font Info:    Trying to load font information for OMS+lmsy on input line 
12.

(C:\Users\Richard\AppData\Local\Programs\MiKTeX\tex/latex/lm\omslmsy.fd
File: omslmsy.fd 2015/05/01 v1.6.1 Font defs for Latin Modern
)
LaTeX Font Info:    ... okay on input line 12.
LaTeX Font Info:    Checking defaults for OT1/lmr/m/n on input line 12.
LaTeX Font Info:    Trying to load font information for OT1+lmr on input line 1
2.

(C:\Users\Richard\AppData\Local\Programs\MiKTeX\tex/latex/lm\ot1lmr.fd
File: ot1lmr.fd 2015/05/01 v1.6.1 Font defs for Latin Modern
)
LaTeX Font Info:    ... okay on input line 12.
LaTeX Font Info:    Checking defaults for T1/cmr/m/n on input line 12.
LaTeX Font Info:    ... okay on input line 12.
LaTeX Font Info:    Checking defaults for TS1/cmr/m/n on input line 12.
LaTeX Font Info:    ... okay on input line 12.
LaTeX Font Info:    Checking defaults for OMX/lmex/m/n on input line 12.
LaTeX Font Info:    Trying to load font information for OMX+lmex on input line 
12.

(C:\Users\Richard\AppData\Local\Programs\MiKTeX\tex/latex/lm\omxlmex.fd
File: omxlmex.fd 2015/05/01 v1.6.1 Font defs for Latin Modern
)
LaTeX Font Info:    ... okay on input line 12.
LaTeX Font Info:    Checking defaults for U/cmr/m/n on input line 12.
LaTeX Font Info:    ... okay on input line 12.
LaTeX Font Info:    Checking defaults for PD1/pdf/m/n on input line 12.
LaTeX Font Info:    ... okay on input line 12.
LaTeX Font Info:    Checking defaults for PU/pdf/m/n on input line 12.
LaTeX Font Info:    ... okay on input line 12.
LaTeX Info: Redefining \microtypecontext on input line 12.
Package microtype Info: Applying patch `item' on input line 12.
Package microtype Info: Applying patch `toc' on input line 12.
Package microtype Info: The `eqnum' patch may not be effective because you are
(microtype)             using the mathtools package. Make sure to insert
(microtype)             `\leftprotrusion' and `\rightprotrusion' as
(microtype)             appropriate in mathtools's `\newtagform' command.
Package microtype Info: Applying patch `eqnum' on input line 12.
Package microtype Info: Applying patch `footnote' on input line 12.
Package microtype Info: Generating PDF output.
Package microtype Info: Character protrusion enabled (level 2),
(microtype)             factor: 1100.
Package microtype Info: Using default protrusion set `alltext'.
Package microtype Info: Automatic font expansion enabled (level 2),
(microtype)             stretch: 10, shrink: 10, step: 1, non-selected.
Package microtype Info: Using default expansion set `alltext-nott'.
LaTeX Info: Redefining \showhyphens on input line 12.
Package microtype Info: Tracking enabled.
Package microtype Info: Using default tracking set `smallcaps'.
Package microtype Info: Adjustment of interword spacing enabled.
Package microtype Info: Using default spacing set `alltext-nott'.
Package microtype Info: Adjustment of character kerning enabled.
Package microtype Info: Using default kerning set `alltext'.

(C:\Users\Richard\AppData\Local\Programs\MiKTeX\tex/latex/microtype\mt-cmr.cfg
File: mt-cmr.cfg 2013/05/19 v2.2 microtype config. file: Computer Modern Roman 
(RS)
)
Package hyperref Info: Link coloring ON on input line 12.
(HonorsMultivariableCalculus.out) (HonorsMultivariableCalculus.out)
\@outlinefile=\write9
\openout9 = `HonorsMultivariableCalculus.out'.


(C:\Users\Richard\AppData\Local\Programs\MiKTeX\tex/context/base/mkii\supp-pdf.
mkii
[Loading MPS to PDF converter (version 2006.09.02).]
\scratchcounter=\count425
\scratchdimen=\dimen370
\scratchbox=\box141
\nofMPsegments=\count426
\nofMParguments=\count427
\everyMPshowfont=\toks60
\MPscratchCnt=\count428
\MPscratchDim=\dimen371
\MPnumerator=\count429
\makeMPintoPDFobject=\count430
\everyMPtoPDFconversion=\toks61
)
(C:\Users\Richard\AppData\Local\Programs\MiKTeX\tex/latex/epstopdf-pkg\epstopdf
-base.sty
Package: epstopdf-base 2020-01-24 v2.11 Base part for package epstopdf
Package epstopdf-base Info: Redefining graphics rule for `.eps' on input line 4
85.

(C:\Users\Richard\AppData\Local\Programs\MiKTeX\tex/latex/00miktex\epstopdf-sys
.cfg
File: epstopdf-sys.cfg 2021/03/18 v2.0 Configuration of epstopdf for MiKTeX
))
LaTeX Font Info:    Trying to load font information for T1+clm2js on input line
 12.

(C:\Users\Richard\AppData\Local\Programs\MiKTeX\tex/latex/cfr-lm\t1clm2js.fd
File: t1clm2js.fd 2010/05/25 Fontinst v1.933 font definitions for T1/clm2js.
)
[1


{C:/Users/Richard/AppData/Local/MiKTeX/fonts/map/pdftex/pdftex.map}] [2

]
(C:\Users\Richard\AppData\Local\Programs\MiKTeX\tex/latex/upquote\upquote.sty
Package: upquote 2012/04/19 v1.3 upright-quote and grave-accent glyphs in verba
tim
)
Package caption Info: Begin \AtBeginDocument code.
Package caption Info: End \AtBeginDocument code.

Package pgfplots notification 'compat/show suggested version=true': document ha
s been generated with the most recent feature set (\pgfplotsset{compat=1.18}).

\mycount=\count431
LaTeX Font Info:    Trying to load font information for TS1+clm2j on input line
 32.
(C:\Users\Richard\AppData\Local\Programs\MiKTeX\tex/latex/cfr-lm\ts1clm2j.fd
File: ts1clm2j.fd 2008/02/13 Fontinst v1.928 font definitions for TS1/clm2j.
)

Package microtype Warning: I cannot find a spacing list for font
(microtype)                `TS1/clm2j/m/n/10' (context: `nonfrench'). Switching
 off
(microtype)                spacing for this font on input line 32.

[3


]
\mycount=\count432
 (HonorsMultivariableCalculus.toc
LaTeX Font Info:    External font `lmex10' loaded for size
(Font)              <9> on input line 2.
LaTeX Font Info:    External font `lmex10' loaded for size
(Font)              <6> on input line 2.
LaTeX Font Info:    External font `lmex10' loaded for size
(Font)              <5> on input line 2.
LaTeX Font Info:    Trying to load font information for U+msa on input line 2.

(C:\Users\Richard\AppData\Local\Programs\MiKTeX\tex/latex/amsfonts\umsa.fd
File: umsa.fd 2013/01/14 v3.01 AMS symbols A
)
(C:\Users\Richard\AppData\Local\Programs\MiKTeX\tex/latex/microtype\mt-msa.cfg
File: mt-msa.cfg 2006/02/04 v1.1 microtype config. file: AMS symbols (a) (RS)
)
LaTeX Font Info:    Trying to load font information for U+msb on input line 2.
(C:\Users\Richard\AppData\Local\Programs\MiKTeX\tex/latex/amsfonts\umsb.fd
File: umsb.fd 2013/01/14 v3.01 AMS symbols B
)
(C:\Users\Richard\AppData\Local\Programs\MiKTeX\tex/latex/microtype\mt-msb.cfg
File: mt-msb.cfg 2005/06/01 v1.0 microtype config. file: AMS symbols (b) (RS)
)
LaTeX Font Info:    Trying to load font information for U+rsfs on input line 2.

(C:\Users\Richard\AppData\Local\Programs\MiKTeX\tex/latex/jknappen\ursfs.fd
File: ursfs.fd 1998/03/24 rsfs font definition file (jk)
)
Overfull \hbox (0.27798pt too wide) detected at line 19
 \T1/clm2j/m/n/9 35
 []


Overfull \hbox (0.422pt too wide) detected at line 20
 \T1/clm2j/m/n/9 36
 []


Overfull \hbox (0.422pt too wide) detected at line 22
 \T1/clm2j/m/n/9 38
 []


Overfull \hbox (0.422pt too wide) detected at line 23
 \T1/clm2j/m/n/9 39
 []

) [4

]
\mycount=\count433
LaTeX Font Info:    External font `lmex10' loaded for size
(Font)              <12> on input line 49.
LaTeX Font Info:    External font `lmex10' loaded for size
(Font)              <8> on input line 49.


Package hyperref Warning: Token not allowed in a PDF string (Unicode):
(hyperref)                removing `math shift' on input line 49.


Package hyperref Warning: Token not allowed in a PDF string (Unicode):
(hyperref)                removing `superscript' on input line 49.


Package hyperref Warning: Token not allowed in a PDF string (Unicode):
(hyperref)                removing `math shift' on input line 49.

(chapters/1-LinearAlgebra/LinearAlgebra.tex
LaTeX Font Info:    External font `lmex10' loaded for size
(Font)              <10> on input line 9.
LaTeX Font Info:    External font `lmex10' loaded for size
(Font)              <7> on input line 9.
LaTeX Font Info:    External font `lmex10' loaded for size
(Font)              <10.95> on input line 13.
LaTeX Font Info:    Font shape `T1/clm2j/b/n' in size <10> not available
(Font)              Font shape `T1/clm2j/bx/n' tried instead on input line 16.
LaTeX Font Info:    Font shape `T1/clm2j/b/it' in size <10> not available
(Font)              Font shape `T1/clm2j/bx/it' tried instead on input line 16.

 [1


]
Overfull \hbox (78.0pt too wide) has occurred while \output is active
[]
 []

[2]
Overfull \hbox (78.0pt too wide) has occurred while \output is active
[]
 []

[3]
Overfull \hbox (78.0pt too wide) has occurred while \output is active
[]
 []

[4]
Missing character: There is no s in font nullfont!
Missing character: There is no c in font nullfont!
Missing character: There is no a in font nullfont!
Missing character: There is no l in font nullfont!
Missing character: There is no e in font nullfont!
Missing character: There is no = in font nullfont!
Missing character: There is no 0 in font nullfont!
Missing character: There is no . in font nullfont!
Missing character: There is no 5 in font nullfont!
Missing character: There is no ] in font nullfont!
Missing character: There is no s in font nullfont!
Missing character: There is no c in font nullfont!
Missing character: There is no a in font nullfont!
Missing character: There is no l in font nullfont!
Missing character: There is no e in font nullfont!
Missing character: There is no = in font nullfont!
Missing character: There is no 0 in font nullfont!
Missing character: There is no . in font nullfont!
Missing character: There is no 5 in font nullfont!
Missing character: There is no ] in font nullfont!

Overfull \hbox (78.0pt too wide) has occurred while \output is active
[]
 []

[5]
Overfull \hbox (78.0pt too wide) has occurred while \output is active
[]
 []

[6]
Missing character: There is no s in font nullfont!
Missing character: There is no c in font nullfont!
Missing character: There is no a in font nullfont!
Missing character: There is no l in font nullfont!
Missing character: There is no e in font nullfont!
Missing character: There is no = in font nullfont!
Missing character: There is no 0 in font nullfont!
Missing character: There is no . in font nullfont!
Missing character: There is no 5 in font nullfont!
Missing character: There is no ] in font nullfont!

Overfull \hbox (78.0pt too wide) has occurred while \output is active
[]
 []

[7]
\openout7 = `HonorsMultivariableCalculus.ans'.


Overfull \hbox (78.0pt too wide) has occurred while \output is active
[]
 []

[8]
Overfull \hbox (78.0pt too wide) has occurred while \output is active
[]
 []

[9]
Overfull \hbox (78.0pt too wide) has occurred while \output is active
[]
 []

[10]
LaTeX Font Info:    Font shape `T1/clm2j/b/n' in size <8> not available
(Font)              Font shape `T1/clm2j/bx/n' tried instead on input line 763.


Overfull \hbox (78.0pt too wide) has occurred while \output is active
[]
 []

[11]

LaTeX Warning: Reference `sumto1' on page 12 undefined on input line 830.


Overfull \hbox (78.0pt too wide) has occurred while \output is active
[]
 []

[12]
Overfull \hbox (6.07199pt too wide) in paragraph at lines 881--881
[]\T1/clm2j/m/n/10 (-10) We will first prove that $[]\OMS/lmsy/m/n/10 f\OML/lmm
/b/it/10 v[]\OML/lmm/m/it/10 ; []  ; \OML/lmm/b/it/10 v[]\OMS/lmsy/m/n/10 g$ \T
1/clm2j/m/n/10 (-10) is closed un-der ad-di-tion. Let $\OML/lmm/b/it/10 w[]\OML
/lmm/m/it/10 ; \OML/lmm/b/it/10 w[] \OMS/lmsy/m/n/10 2 []f\OML/lmm/b/it/10 v[]\
OML/lmm/m/it/10 ; []  ; \OML/lmm/b/it/10 v[]\OMS/lmsy/m/n/10 g$\T1/clm2j/m/n/10
 (-10) .
 []


Overfull \hbox (78.0pt too wide) has occurred while \output is active
[]
 []

[13]
Overfull \hbox (78.0pt too wide) has occurred while \output is active
[]
 []

[14]

Package microtype Warning: I cannot find a spacing list for font
(microtype)                `TS1/clm2j/m/it/10' (context: `nonfrench'). Switchin
g off
(microtype)                spacing for this font on input line 964.


Overfull \hbox (78.0pt too wide) has occurred while \output is active
[]
 []

[15]
Overfull \hbox (78.0pt too wide) has occurred while \output is active
[]
 []

[16]
Overfull \hbox (78.0pt too wide) has occurred while \output is active
[]
 []

[17]
Overfull \hbox (78.0pt too wide) has occurred while \output is active
[]
 []

[18]
Overfull \hbox (78.0pt too wide) has occurred while \output is active
[]
 []

[19]
Overfull \hbox (78.0pt too wide) has occurred while \output is active
[]
 []

[20]
Overfull \hbox (78.0pt too wide) has occurred while \output is active
[]
 []

[21]
Overfull \hbox (78.0pt too wide) has occurred while \output is active
[]
 []

[22]
Overfull \hbox (78.0pt too wide) has occurred while \output is active
[]
 []

[23]
Overfull \hbox (78.0pt too wide) has occurred while \output is active
[]
 []

[24]
Overfull \hbox (78.0pt too wide) has occurred while \output is active
[]
 []

[25]
Overfull \hbox (78.0pt too wide) has occurred while \output is active
[]
 []

[26]
Overfull \hbox (78.0pt too wide) has occurred while \output is active
[]
 []

[27]
Overfull \hbox (1.16055pt too wide) in paragraph at lines 2022--2023
[]\T1/clm2j/m/it/10 (-10) Cauchy-Schwarz in-equal-ity: $\OMS/lmsy/m/n/10 jj\OML
/lmm/b/it/10 u \OMS/lmsy/m/n/10 ^^A \OML/lmm/b/it/10 v\OMS/lmsy/m/n/10 jj ^^T j
j\OML/lmm/b/it/10 u\OMS/lmsy/m/n/10 jj jj\OML/lmm/b/it/10 v\OMS/lmsy/m/n/10 jj$
 
 []


Overfull \hbox (78.0pt too wide) has occurred while \output is active
[]
 []

[28]
Overfull \hbox (78.0pt too wide) has occurred while \output is active
[]
 []

[29]
Overfull \hbox (78.0pt too wide) has occurred while \output is active
[]
 []

[30]
Overfull \hbox (78.0pt too wide) has occurred while \output is active
[]
 []

[31]
Overfull \hbox (78.0pt too wide) has occurred while \output is active
[]
 []

[32]
Overfull \hbox (4.59824pt too wide) in paragraph at lines 2402--2403
[]\T1/clm2j/m/it/10 (-10) Cauchy-Schwarz in-equal-ity: $\OMS/lmsy/m/n/10 jh\OML
/lmm/b/it/10 u\OML/lmm/m/it/10 ; \OML/lmm/b/it/10 v\OMS/lmsy/m/n/10 ij ^^T j\OM
L/lmm/b/it/10 u\OMS/lmsy/m/n/10 j j\OML/lmm/b/it/10 v\OMS/lmsy/m/n/10 j$ 
 []


! LaTeX Error: Something's wrong--perhaps a missing \item.

See the LaTeX manual or LaTeX Companion for explanation.
Type  H <return>  for immediate help.
 ...                                              
                                                  
l.2448     L
            et $A$ be a nonempty subset of an inner product space $V$.  The ...

Try typing  <return>  to proceed.
If that doesn't work, type  X <return>  to quit.


! LaTeX Error: Something's wrong--perhaps a missing \item.

See the LaTeX manual or LaTeX Companion for explanation.
Type  H <return>  for immediate help.
 ...                                              
                                                  
l.2448     L
            et $A$ be a nonempty subset of an inner product space $V$.  The ...

Try typing  <return>  to proceed.
If that doesn't work, type  X <return>  to quit.


! LaTeX Error: Something's wrong--perhaps a missing \item.

See the LaTeX manual or LaTeX Companion for explanation.
Type  H <return>  for immediate help.
 ...                                              
                                                  
l.2448     L
            et $A$ be a nonempty subset of an inner product space $V$.  The ...

Try typing  <return>  to proceed.
If that doesn't work, type  X <return>  to quit.


! LaTeX Error: Something's wrong--perhaps a missing \item.

See the LaTeX manual or LaTeX Companion for explanation.
Type  H <return>  for immediate help.
 ...                                              
                                                  
l.2450     \end{definition}
                           
Try typing  <return>  to proceed.
If that doesn't work, type  X <return>  to quit.

)
Overfull \hbox (78.0pt too wide) has occurred while \output is active
[]
 []

[33]
\mycount=\count434


Package hyperref Warning: Token not allowed in a PDF string (Unicode):
(hyperref)                removing `math shift' on input line 52.


Package hyperref Warning: Token not allowed in a PDF string (Unicode):
(hyperref)                removing `superscript' on input line 52.


Package hyperref Warning: Token not allowed in a PDF string (Unicode):
(hyperref)                removing `math shift' on input line 52.

[34

]
\mycount=\count435
 [35

]
\mycount=\count436


Package hyperref Warning: Token not allowed in a PDF string (Unicode):
(hyperref)                removing `math shift' on input line 56.


Package hyperref Warning: Token not allowed in a PDF string (Unicode):
(hyperref)                removing `superscript' on input line 56.


Package hyperref Warning: Token not allowed in a PDF string (Unicode):
(hyperref)                removing `math shift' on input line 56.

[36

]
\mycount=\count437
 [37

]
\mycount=\count438
 [38

]
\mycount=\count439
 (HonorsMultivariableCalculus.ans)
No file HonorsMultivariableCalculus.bbl.
No file HonorsMultivariableCalculus.ind.
[39


]
\tf@toc=\write10
\openout10 = `HonorsMultivariableCalculus.toc'.

 (HonorsMultivariableCalculus.aux)

LaTeX Warning: There were undefined references.

Package rerunfilecheck Info: File `HonorsMultivariableCalculus.out' has not cha
nged.
(rerunfilecheck)             Checksum: AA2D7F7BD9D57F54AF048CDDADAE68B5;1202.
 ) 
Here is how much of TeX's memory you used:
 51064 strings out of 475389
 1152718 string characters out of 2776056
 1677583 words of memory out of 3000000
 70775 multiletter control sequences out of 15000+600000
 642675 words of font info for 458 fonts, out of 8000000 for 9000
 1141 hyphenation exceptions out of 8191
 114i,16n,120p,1026b,2310s stack positions out of 10000i,1000n,20000p,200000b,80000s
{C:/Users/Richard/AppData/Local/Programs/MiKTeX/fonts/enc/dvips/lm/lm-mathsy.
enc}{C:/Users/Richard/AppData/Local/Programs/MiKTeX/fonts/enc/dvips/cfr-lm/dotd
igits-clm.enc}{C:/Users/Richard/AppData/Local/Programs/MiKTeX/fonts/enc/dvips/l
m/lm-ts1.enc}{C:/Users/Richard/AppData/Local/Programs/MiKTeX/fonts/enc/dvips/cf
r-lm/t1-clm.enc}{C:/Users/Richard/AppData/Local/Programs/MiKTeX/fonts/enc/dvips
/lm/lm-rm.enc}{C:/Users/Richard/AppData/Local/Programs/MiKTeX/fonts/enc/dvips/l
m/lm-mathit.enc}{C:/Users/Richard/AppData/Local/Programs/MiKTeX/fonts/enc/dvips
/lm/lm-mathex.enc}<C:/Users/Richard/AppData/Local/Programs/MiKTeX/fonts/type1/p
ublic/lm/lmbsy10.pfb><C:/Users/Richard/AppData/Local/Programs/MiKTeX/fonts/type
1/public/lm/lmbsy7.pfb><C:/Users/Richard/AppData/Local/Programs/MiKTeX/fonts/ty
pe1/public/lm/lmbx10.pfb><C:/Users/Richard/AppData/Local/Programs/MiKTeX/fonts/
type1/public/lm/lmbx7.pfb><C:/Users/Richard/AppData/Local/Programs/MiKTeX/fonts
/type1/public/lm/lmbx8.pfb><C:/Users/Richard/AppData/Local/Programs/MiKTeX/font
s/type1/public/lm/lmbxi10.pfb><C:/Users/Richard/AppData/Local/Programs/MiKTeX/f
onts/type1/public/lm/lmex10.pfb><C:/Users/Richard/AppData/Local/Programs/MiKTeX
/fonts/type1/public/lm/lmmi10.pfb><C:/Users/Richard/AppData/Local/Programs/MiKT
eX/fonts/type1/public/lm/lmmi6.pfb><C:/Users/Richard/AppData/Local/Programs/MiK
TeX/fonts/type1/public/lm/lmmi7.pfb><C:/Users/Richard/AppData/Local/Programs/Mi
KTeX/fonts/type1/public/lm/lmmi8.pfb><C:/Users/Richard/AppData/Local/Programs/M
iKTeX/fonts/type1/public/lm/lmmib10.pfb><C:/Users/Richard/AppData/Local/Program
s/MiKTeX/fonts/type1/public/lm/lmmib7.pfb><C:/Users/Richard/AppData/Local/Progr
ams/MiKTeX/fonts/type1/public/lm/lmr10.pfb><C:/Users/Richard/AppData/Local/Prog
rams/MiKTeX/fonts/type1/public/lm/lmr12.pfb><C:/Users/Richard/AppData/Local/Pro
grams/MiKTeX/fonts/type1/public/lm/lmr5.pfb><C:/Users/Richard/AppData/Local/Pro
grams/MiKTeX/fonts/type1/public/lm/lmr6.pfb><C:/Users/Richard/AppData/Local/Pro
grams/MiKTeX/fonts/type1/public/lm/lmr7.pfb><C:/Users/Richard/AppData/Local/Pro
grams/MiKTeX/fonts/type1/public/lm/lmr8.pfb><C:/Users/Richard/AppData/Local/Pro
grams/MiKTeX/fonts/type1/public/lm/lmr9.pfb><C:/Users/Richard/AppData/Local/Pro
grams/MiKTeX/fonts/type1/public/lm/lmri10.pfb><C:/Users/Richard/AppData/Local/P
rograms/MiKTeX/fonts/type1/public/lm/lmri7.pfb><C:/Users/Richard/AppData/Local/
Programs/MiKTeX/fonts/type1/public/lm/lmss10.pfb><C:/Users/Richard/AppData/Loca
l/Programs/MiKTeX/fonts/type1/public/lm/lmss12.pfb><C:/Users/Richard/AppData/Lo
cal/Programs/MiKTeX/fonts/type1/public/lm/lmss17.pfb><C:/Users/Richard/AppData/
Local/Programs/MiKTeX/fonts/type1/public/lm/lmss9.pfb><C:/Users/Richard/AppData
/Local/Programs/MiKTeX/fonts/type1/public/lm/lmsy10.pfb><C:/Users/Richard/AppDa
ta/Local/Programs/MiKTeX/fonts/type1/public/lm/lmsy7.pfb><C:/Users/Richard/AppD
ata/Local/Programs/MiKTeX/fonts/type1/public/amsfonts/symbols/msbm10.pfb><C:/Us
ers/Richard/AppData/Local/Programs/MiKTeX/fonts/type1/public/rsfs/rsfs10.pfb><C
:/Users/Richard/AppData/Local/Programs/MiKTeX/fonts/type1/public/rsfs/rsfs7.pfb
>
Output written on HonorsMultivariableCalculus.pdf (43 pages, 722023 bytes).
PDF statistics:
 817 PDF objects out of 1000 (max. 8388607)
 308 named destinations out of 1000 (max. 500000)
 131149 words of extra memory for PDF output out of 154059 (max. 10000000)

